97.10.30 13:03 B C:\WEBSHARE\WWWROOT\Paper4_small.jpg --> mycarstereo.com / Paper4_small.jpg
97.10.30 22:41 B C:\WEBSHARE\WWWROOT\battery.htm --> mycarstereo.com / battery.htm
97.10.30 22:41 B C:\WEBSHARE\WWWROOT\building.htm --> mycarstereo.com / building.htm
97.10.31 16:06 B C:\WEBSHARE\WWWROOT\battery.htm --> mycarstereo.com / battery.htm
97.10.31 16:07 B C:\WEBSHARE\WWWROOT\building.htm --> mycarstereo.com / building.htm
97.10.31 16:08 B C:\WEBSHARE\WWWROOT\default.htm --> mycarstereo.com / default.htm
97.10.31 16:09 B C:\WEBSHARE\WWWROOT\major.htm --> mycarstereo.com / major.htm
97.11.06 18:33 B C:\WEBSHARE\WWWROOT\battery.htm --> mycarstereo.com /_borders battery.htm
97.11.06 18:33 B C:\WEBSHARE\WWWROOT\building.htm --> mycarstereo.com /_borders building.htm
97.11.06 18:33 B C:\WEBSHARE\WWWROOT\caraudio.htm --> mycarstereo.com /_borders caraudio.htm
97.11.06 18:33 B C:\WEBSHARE\WWWROOT\caraudio1.htm --> mycarstereo.com /_borders caraudio1.htm
97.11.06 18:33 B C:\WEBSHARE\WWWROOT\Caraudio1_small.jpg --> mycarstereo.com /_borders Caraudio1_small.jpg
97.11.06 18:34 B C:\WEBSHARE\WWWROOT\Caraudio2_small.jpg --> mycarstereo.com /_borders Caraudio2_small.jpg
97.11.06 18:34 B C:\WEBSHARE\WWWROOT\Caraudio3_small.jpg --> mycarstereo.com /_borders Caraudio3_small.jpg
97.11.06 18:36 B C:\WEBSHARE\WWWROOT\540a_small.jpg --> mycarstereo.com / 540a_small.jpg
97.11.06 18:37 B C:\WEBSHARE\WWWROOT\battery.htm --> mycarstereo.com / battery.htm
97.11.06 18:37 B C:\WEBSHARE\WWWROOT\building.htm --> mycarstereo.com / building.htm
97.11.06 18:37 B C:\WEBSHARE\WWWROOT\caraudio.htm --> mycarstereo.com / caraudio.htm
97.11.06 18:38 B C:\WEBSHARE\WWWROOT\caraudio1.htm --> mycarstereo.com / caraudio1.htm
97.11.06 18:38 B C:\WEBSHARE\WWWROOT\Caraudio1_small.jpg --> mycarstereo.com / Caraudio1_small.jpg
97.11.06 18:38 B C:\WEBSHARE\WWWROOT\Caraudio2_small.jpg --> mycarstereo.com / Caraudio2_small.jpg
97.11.06 18:39 B C:\WEBSHARE\WWWROOT\Caraudio3_small.jpg --> mycarstereo.com / Caraudio3_small.jpg
97.11.06 18:39 B C:\WEBSHARE\WWWROOT\Caraudio4_small.jpg --> mycarstereo.com / Caraudio4_small.jpg
97.11.06 18:39 B C:\WEBSHARE\WWWROOT\Caraudio5_small.jpg --> mycarstereo.com / Caraudio5_small.jpg
97.11.06 18:39 B C:\WEBSHARE\WWWROOT\Caraudio6_small.jpg --> mycarstereo.com / Caraudio6_small.jpg
97.11.06 18:39 B C:\WEBSHARE\WWWROOT\Caraudiocov_small.jpg --> mycarstereo.com / Caraudiocov_small.jpg
97.11.06 18:39 B C:\WEBSHARE\WWWROOT\carfor.htm --> mycarstereo.com / carfor.htm
97.11.06 18:39 B C:\WEBSHARE\WWWROOT\cdunder.htm --> mycarstereo.com / cdunder.htm
97.11.06 18:39 B C:\WEBSHARE\WWWROOT\competit.htm --> mycarstereo.com / competit.htm
97.11.06 18:40 B C:\WEBSHARE\WWWROOT\componen.htm --> mycarstereo.com / componen.htm
97.11.06 18:40 B C:\WEBSHARE\WWWROOT\credits.htm --> mycarstereo.com / credits.htm
97.11.06 18:40 B C:\WEBSHARE\WWWROOT\default.htm --> mycarstereo.com / default.htm
97.11.06 18:40 B C:\WEBSHARE\WWWROOT\definiti.htm --> mycarstereo.com / definiti.htm
97.11.06 18:40 B C:\WEBSHARE\WWWROOT\drive.htm --> mycarstereo.com / drive.htm
97.11.06 18:41 B C:\WEBSHARE\WWWROOT\driver.htm --> mycarstereo.com / driver.htm
97.11.06 18:41 B C:\WEBSHARE\WWWROOT\dynamat.htm --> mycarstereo.com / dynamat.htm
97.11.06 18:41 B C:\WEBSHARE\WWWROOT\electric.htm --> mycarstereo.com / electric.htm
97.11.06 18:41 B C:\WEBSHARE\WWWROOT\email.htm --> mycarstereo.com / email.htm
97.11.06 18:41 B C:\WEBSHARE\WWWROOT\engine.htm --> mycarstereo.com / engine.htm
97.11.06 18:41 B C:\WEBSHARE\WWWROOT\fender.htm --> mycarstereo.com / fender.htm
97.11.06 18:42 B C:\WEBSHARE\WWWROOT\fibergla.htm --> mycarstereo.com / fibergla.htm
97.11.06 18:42 B C:\WEBSHARE\WWWROOT\foldopen.htm --> mycarstereo.com / foldopen.htm
97.11.06 18:42 B C:\WEBSHARE\WWWROOT\front.htm --> mycarstereo.com / front.htm
97.11.06 18:42 B C:\WEBSHARE\WWWROOT\fuses&.htm --> mycarstereo.com / fuses&.htm
97.11.06 18:42 B C:\WEBSHARE\WWWROOT\ie_static.gif --> mycarstereo.com / ie_static.gif
97.11.06 18:43 B C:\WEBSHARE\WWWROOT\installa.htm --> mycarstereo.com / installa.htm
97.11.06 18:43 B C:\WEBSHARE\WWWROOT\machinin.htm --> mycarstereo.com / machinin.htm
97.11.06 18:43 B C:\WEBSHARE\WWWROOT\magazine.htm --> mycarstereo.com / magazine.htm
97.11.06 18:44 B C:\WEBSHARE\WWWROOT\major.htm --> mycarstereo.com / major.htm
97.11.06 18:44 B C:\WEBSHARE\WWWROOT\maplesha.htm --> mycarstereo.com / maplesha.htm
97.11.06 18:45 B C:\WEBSHARE\WWWROOT\microwav.htm --> mycarstereo.com / microwav.htm
97.11.06 18:45 B C:\WEBSHARE\WWWROOT\motor.htm --> mycarstereo.com / motor.htm
97.11.06 18:45 B C:\WEBSHARE\WWWROOT\newpage1.htm --> mycarstereo.com / newpage1.htm
97.11.06 18:45 B C:\WEBSHARE\WWWROOT\newtrunk.htm --> mycarstereo.com / newtrunk.htm
97.11.06 18:45 B C:\WEBSHARE\WWWROOT\Paper1_small.jpg --> mycarstereo.com / Paper1_small.jpg
97.11.06 18:45 B C:\WEBSHARE\WWWROOT\Paper2_small.jpg --> mycarstereo.com / Paper2_small.jpg
97.11.06 18:46 B C:\WEBSHARE\WWWROOT\Paper3_small.jpg --> mycarstereo.com / Paper3_small.jpg
97.11.06 18:46 B C:\WEBSHARE\WWWROOT\Paper4_small.jpg --> mycarstereo.com / Paper4_small.jpg
97.11.06 18:46 B C:\WEBSHARE\WWWROOT\pass.htm --> mycarstereo.com / pass.htm
97.11.06 18:46 B C:\WEBSHARE\WWWROOT\passenge.htm --> mycarstereo.com / passenge.htm
97.11.06 18:46 B C:\WEBSHARE\WWWROOT\podlift.htm --> mycarstereo.com / podlift.htm
97.11.06 18:46 B C:\WEBSHARE\WWWROOT\postinfo.html --> mycarstereo.com / postinfo.html
97.11.06 18:46 B C:\WEBSHARE\WWWROOT\power.htm --> mycarstereo.com / power.htm
97.11.06 18:46 B C:\WEBSHARE\WWWROOT\publicat.htm --> mycarstereo.com / publicat.htm
97.11.06 18:47 B C:\WEBSHARE\WWWROOT\question.htm --> mycarstereo.com / question.htm
97.11.06 18:47 B C:\WEBSHARE\WWWROOT\real.htm --> mycarstereo.com / real.htm
97.11.06 18:47 B C:\WEBSHARE\WWWROOT\ring.htm --> mycarstereo.com / ring.htm
97.11.06 18:47 B C:\WEBSHARE\WWWROOT\Round1_small.jpg --> mycarstereo.com / Round1_small.jpg
97.11.06 18:47 B C:\WEBSHARE\WWWROOT\Round2_small.jpg --> mycarstereo.com / Round2_small.jpg
97.11.06 18:47 B C:\WEBSHARE\WWWROOT\Roundcover_small.jpg --> mycarstereo.com / Roundcover_small.jpg
97.11.06 18:47 B C:\WEBSHARE\WWWROOT\speaker.htm --> mycarstereo.com / speaker.htm
97.11.06 18:48 B C:\WEBSHARE\WWWROOT\steel.htm --> mycarstereo.com / steel.htm
97.11.06 18:48 B C:\WEBSHARE\WWWROOT\subwoofe.htm --> mycarstereo.com / subwoofe.htm
97.11.06 18:48 B C:\WEBSHARE\WWWROOT\Time1_small.jpg --> mycarstereo.com / Time1_small.jpg
97.11.06 18:48 B C:\WEBSHARE\WWWROOT\Time2_small.jpg --> mycarstereo.com / Time2_small.jpg
97.11.06 18:48 B C:\WEBSHARE\WWWROOT\Time3_small.jpg --> mycarstereo.com / Time3_small.jpg
97.11.06 18:48 B C:\WEBSHARE\WWWROOT\Time4_small.jpg --> mycarstereo.com / Time4_small.jpg
97.11.06 18:48 B C:\WEBSHARE\WWWROOT\Timecover_small.jpg --> mycarstereo.com / Timecover_small.jpg
97.11.06 18:48 B C:\WEBSHARE\WWWROOT\tk1_small.jpg --> mycarstereo.com / tk1_small.jpg
97.11.06 18:49 B C:\WEBSHARE\WWWROOT\tweeter.htm --> mycarstereo.com / tweeter.htm
97.11.06 18:49 B C:\WEBSHARE\WWWROOT\wood&.htm --> mycarstereo.com / wood&.htm
97.11.06 19:45 B C:\WEBSHARE\WWWROOT\default.htm --> mycarstereo.com / default.htm
97.11.11 08:10 A C:\WEBSHARE\WWWROOT\zmonday56k.ram --> mycarstereo.com / zmonday56k.ram
97.11.11 08:10 A C:\WEBSHARE\WWWROOT\zmonday.ram --> mycarstereo.com / zmonday.ram
97.11.11 08:10 A C:\WEBSHARE\WWWROOT\zmonday56k.ram --> mycarstereo.com / zmonday56k.ram
97.11.11 08:17 B C:\WEBSHARE\WWWROOT\default.htm --> mycarstereo.com / default.htm
97.11.11 08:20 B C:\WEBSHARE\WWWROOT\default.htm --> mycarstereo.com / default.htm
97.11.11 15:33 A C:\WEBSHARE\WWWROOT\ZIntro28k.ram --> mycarstereo.com / ZIntro28k.ram
97.11.11 15:34 A C:\WEBSHARE\WWWROOT\ZIntro56k.ram --> mycarstereo.com / ZIntro56k.ram
97.11.11 15:34 A C:\WEBSHARE\WWWROOT\Zlifters28k.ram --> mycarstereo.com / Zlifters28k.ram
97.11.11 15:34 A C:\WEBSHARE\WWWROOT\Zlifters56k.ram --> mycarstereo.com / Zlifters56k.ram
97.11.11 15:34 B C:\WEBSHARE\WWWROOT\ZIntro28k.htm --> mycarstereo.com / ZIntro28k.htm
97.11.11 15:36 B C:\WEBSHARE\WWWROOT\ZIntro28k.rm --> mycarstereo.com / ZIntro28k.rm
97.11.11 15:42 B C:\WEBSHARE\WWWROOT\ZIntro56k.htm --> mycarstereo.com / ZIntro56k.htm
97.11.11 15:45 B C:\WEBSHARE\WWWROOT\ZIntro56k.rm --> mycarstereo.com / ZIntro56k.rm
97.11.11 15:46 B C:\WEBSHARE\WWWROOT\Zlifters28k.htm --> mycarstereo.com / Zlifters28k.htm
97.11.11 15:48 B C:\WEBSHARE\WWWROOT\Zlifters28k.rm --> mycarstereo.com / Zlifters28k.rm
97.11.11 15:48 B C:\WEBSHARE\WWWROOT\Zlifters56k.htm --> mycarstereo.com / Zlifters56k.htm
97.11.11 15:50 B C:\WEBSHARE\WWWROOT\Zlifters56k.rm --> mycarstereo.com / Zlifters56k.rm
97.11.13 06:55 A C:\WEBSHARE\WWWROOT\Zdavedb.ram --> mycarstereo.com / Zdavedb.ram
97.11.13 06:55 A C:\WEBSHARE\WWWROOT\ZIntro28k.ram --> mycarstereo.com / ZIntro28k.ram
97.11.13 06:55 A C:\WEBSHARE\WWWROOT\Zjeffglazzman.ram --> mycarstereo.com / Zjeffglazzman.ram
97.11.13 06:55 A C:\WEBSHARE\WWWROOT\Zkeithbug.ram --> mycarstereo.com / Zkeithbug.ram
97.11.13 06:55 A C:\WEBSHARE\WWWROOT\Zlifters28k.ram --> mycarstereo.com / Zlifters28k.ram
97.11.13 06:55 A C:\WEBSHARE\WWWROOT\Zmarkgeller.ram --> mycarstereo.com / Zmarkgeller.ram
97.11.13 06:55 A C:\WEBSHARE\WWWROOT\Zrickwright.ram --> mycarstereo.com / Zrickwright.ram
97.11.13 06:55 A C:\WEBSHARE\WWWROOT\Ztux.ram --> mycarstereo.com / Ztux.ram
97.11.13 06:55 A C:\WEBSHARE\WWWROOT\Zwadegalloway.ram --> mycarstereo.com / Zwadegalloway.ram
97.11.13 06:57 A C:\WEBSHARE\WWWROOT\Zdavedb.rm --> mycarstereo.com / Zdavedb.rm
97.11.13 06:57 A C:\WEBSHARE\WWWROOT\Zjeffglazzman.rm --> mycarstereo.com / Zjeffglazzman.rm
97.11.13 07:00 A C:\WEBSHARE\WWWROOT\Zkeithbug.rm --> mycarstereo.com / Zkeithbug.rm
97.11.13 07:02 A C:\WEBSHARE\WWWROOT\Zmarkgeller.rm --> mycarstereo.com / Zmarkgeller.rm
97.11.13 07:04 A C:\WEBSHARE\WWWROOT\Zrickwright.rm --> mycarstereo.com / Zrickwright.rm
97.11.13 07:06 A C:\WEBSHARE\WWWROOT\Ztux.rm --> mycarstereo.com / Ztux.rm
97.11.13 07:07 A C:\WEBSHARE\WWWROOT\Zwadegalloway.rm --> mycarstereo.com / Zwadegalloway.rm
97.11.13 13:55 A C:\WEBSHARE\WWWROOT\Zdalefont.ram --> mycarstereo.com / Zdalefont.ram
97.11.13 13:56 A C:\WEBSHARE\WWWROOT\Zervin.ram --> mycarstereo.com / Zervin.ram
97.11.13 13:56 A C:\WEBSHARE\WWWROOT\Zgerald.ram --> mycarstereo.com / Zgerald.ram
97.11.13 13:56 A C:\WEBSHARE\WWWROOT\Zgoosebumps.ram --> mycarstereo.com / Zgoosebumps.ram
97.11.13 13:56 A C:\WEBSHARE\WWWROOT\ZIntro28k.ram --> mycarstereo.com / ZIntro28k.ram
97.11.13 13:56 A C:\WEBSHARE\WWWROOT\Zjeffglazzman.ram --> mycarstereo.com / Zjeffglazzman.ram
97.11.13 13:56 A C:\WEBSHARE\WWWROOT\Zkeithbug.ram --> mycarstereo.com / Zkeithbug.ram
97.11.13 13:56 A C:\WEBSHARE\WWWROOT\Zlarry.ram --> mycarstereo.com / Zlarry.ram
97.11.13 13:56 A C:\WEBSHARE\WWWROOT\Zlifters28k.ram --> mycarstereo.com / Zlifters28k.ram
97.11.13 13:56 A C:\WEBSHARE\WWWROOT\Zmarkgeller.ram --> mycarstereo.com / Zmarkgeller.ram
97.11.13 13:56 A C:\WEBSHARE\WWWROOT\Zpeewee.ram --> mycarstereo.com / Zpeewee.ram
97.11.13 13:56 A C:\WEBSHARE\WWWROOT\Zpontiac.ram --> mycarstereo.com / Zpontiac.ram
97.11.13 13:56 A C:\WEBSHARE\WWWROOT\Zrearseat.ram --> mycarstereo.com / Zrearseat.ram
97.11.13 13:57 A C:\WEBSHARE\WWWROOT\Zrickwright.ram --> mycarstereo.com / Zrickwright.ram
97.11.13 13:57 A C:\WEBSHARE\WWWROOT\Ztux.ram --> mycarstereo.com / Ztux.ram
97.11.13 14:00 B C:\WEBSHARE\WWWROOT\Zdalefont.rm --> mycarstereo.com / Zdalefont.rm
97.11.13 14:02 B C:\WEBSHARE\WWWROOT\Zervin.rm --> mycarstereo.com / Zervin.rm
97.11.13 14:03 B C:\WEBSHARE\WWWROOT\Zgerald.rm --> mycarstereo.com / Zgerald.rm
97.11.13 14:05 B C:\WEBSHARE\WWWROOT\Zgoosebumps.rm --> mycarstereo.com / Zgoosebumps.rm
97.11.13 14:06 B C:\WEBSHARE\WWWROOT\Zlarry.rm --> mycarstereo.com / Zlarry.rm
97.11.13 14:08 B C:\WEBSHARE\WWWROOT\Zpeewee.rm --> mycarstereo.com / Zpeewee.rm
97.11.13 14:11 B C:\WEBSHARE\WWWROOT\Zpontiac.rm --> mycarstereo.com / Zpontiac.rm
97.11.13 14:12 B C:\WEBSHARE\WWWROOT\Zrearseat.rm --> mycarstereo.com / Zrearseat.rm
97.11.26 20:58 A C:\WEBSHARE\WWWROOT\Zcnbc28.ram --> mycarstereo.com / Zcnbc28.ram
97.11.26 20:58 A C:\WEBSHARE\WWWROOT\Zcnbc56.ram --> mycarstereo.com / Zcnbc56.ram
97.11.26 21:04 B C:\WEBSHARE\WWWROOT\Zcnbc28.rm --> mycarstereo.com / Zcnbc28.rm
97.11.26 21:15 B C:\WEBSHARE\WWWROOT\Zcnbc56.rm --> mycarstereo.com / Zcnbc56.rm
97.11.29 07:20 A C:\WEBSHARE\WWWROOT\Zwadegalloway.ram --> mycarstereo.com / Zwadegalloway.ram
97.11.29 07:21 A C:\WEBSHARE\WWWROOT\Zfishman.ram --> mycarstereo.com / Zfishman.ram
97.11.29 07:21 A C:\WEBSHARE\WWWROOT\Zdbdave.ram --> mycarstereo.com / Zdbdave.ram
97.11.29 07:22 B C:\WEBSHARE\WWWROOT\Zdbdave.rm --> mycarstereo.com / Zdbdave.rm
97.11.29 07:23 B C:\WEBSHARE\WWWROOT\Zfishman.rm --> mycarstereo.com / Zfishman.rm
97.11.29 07:24 B C:\WEBSHARE\WWWROOT\Zwadegalloway.rm --> mycarstereo.com / Zwadegalloway.rm
97.11.29 15:27 B C:\WEBSHARE\WWWROOT\Zalma.rm --> mycarstereo.com / Zalma.rm
97.11.29 15:27 A C:\WEBSHARE\WWWROOT\Zalma.ram --> mycarstereo.com / Zalma.ram
97.11.29 15:28 A C:\WEBSHARE\WWWROOT\Zfinals.ram --> mycarstereo.com / Zfinals.ram
97.11.29 15:28 B C:\WEBSHARE\WWWROOT\Zfinals.ram --> mycarstereo.com / Zfinals.ram
97.11.29 15:44 B C:\WEBSHARE\WWWROOT\Zfinals.rm --> mycarstereo.com / Zfinals.rm
97.12.31 22:08 A C:\webshare\wwwroot\Zaztv3.ram --> www.mycarstereo.com / Zaztv3.ram
97.12.31 22:12 B C:\webshare\wwwroot\Zaztv3.rm --> www.mycarstereo.com / Zaztv3.rm
98.01.02 21:00 B C:\webshare\wwwroot\battery.htm --> www.pond.com /home3/earl540/public_html battery.htm
98.03.03 11:43 B C:\webshare\wwwroot\ZOklahoma.rm --> www.mycarstereo.com / ZOklahoma.rm
98.03.03 11:46 A C:\webshare\wwwroot\ZOklahoma.ram --> www.mycarstereo.com / ZOklahoma.ram
98.08.05 10:00 B C:\WEBSHARE\WWWROOT\Zalma.ram --> mycarstereo.com /usr/var/www/virtual/m/mycarstereo.com/www Zalma.ram
98.08.05 10:00 B C:\WEBSHARE\WWWROOT\Zaztv3.ram --> mycarstereo.com /usr/var/www/virtual/m/mycarstereo.com/www Zaztv3.ram
98.08.05 10:00 B C:\WEBSHARE\WWWROOT\Zcnbc28.ram --> mycarstereo.com /usr/var/www/virtual/m/mycarstereo.com/www Zcnbc28.ram
98.08.05 10:00 B C:\WEBSHARE\WWWROOT\Zdbdave.ram --> mycarstereo.com /usr/var/www/virtual/m/mycarstereo.com/www Zdbdave.ram
98.08.05 10:00 B C:\WEBSHARE\WWWROOT\Zfinals.ram --> mycarstereo.com /usr/var/www/virtual/m/mycarstereo.com/www Zfinals.ram
98.08.05 10:00 B C:\WEBSHARE\WWWROOT\ZIntro28k.ram --> mycarstereo.com /usr/var/www/virtual/m/mycarstereo.com/www ZIntro28k.ram
98.08.05 10:00 B C:\WEBSHARE\WWWROOT\Zjeffglazzman.ram --> mycarstereo.com /usr/var/www/virtual/m/mycarstereo.com/www Zjeffglazzman.ram
98.08.05 10:00 B C:\WEBSHARE\WWWROOT\Zkeithbug.ram --> mycarstereo.com /usr/var/www/virtual/m/mycarstereo.com/www Zkeithbug.ram
98.08.05 10:00 B C:\WEBSHARE\WWWROOT\Zlarry.ram --> mycarstereo.com /usr/var/www/virtual/m/mycarstereo.com/www Zlarry.ram
98.08.05 10:00 B C:\WEBSHARE\WWWROOT\Zlifters28k.ram --> mycarstereo.com /usr/var/www/virtual/m/mycarstereo.com/www Zlifters28k.ram
98.08.05 10:00 B C:\WEBSHARE\WWWROOT\Zmarkgeller.ram --> mycarstereo.com /usr/var/www/virtual/m/mycarstereo.com/www Zmarkgeller.ram
98.08.05 10:00 B C:\WEBSHARE\WWWROOT\Zpeewee.ram --> mycarstereo.com /usr/var/www/virtual/m/mycarstereo.com/www Zpeewee.ram
98.08.05 10:00 B C:\WEBSHARE\WWWROOT\Zpontiac.ram --> mycarstereo.com /usr/var/www/virtual/m/mycarstereo.com/www Zpontiac.ram
98.08.05 10:00 B C:\WEBSHARE\WWWROOT\Zrearseat.ram --> mycarstereo.com /usr/var/www/virtual/m/mycarstereo.com/www Zrearseat.ram
98.08.05 10:00 B C:\WEBSHARE\WWWROOT\Zrickwright.ram --> mycarstereo.com /usr/var/www/virtual/m/mycarstereo.com/www Zrickwright.ram
98.08.05 10:00 B C:\WEBSHARE\WWWROOT\Ztux.ram --> mycarstereo.com /usr/var/www/virtual/m/mycarstereo.com/www Ztux.ram
98.08.05 10:00 B C:\WEBSHARE\WWWROOT\Zwadegalloway.ram --> mycarstereo.com /usr/var/www/virtual/m/mycarstereo.com/www Zwadegalloway.ram
2003.04.19 17:31 B C:\Inetpub\wwwroot\brett\WS_FTP.LOG <-- webott /d:/html/users/webottcom/html/brett WS_FTP.LOG
2003.04.19 17:31 B C:\Inetpub\wwwroot\brett\Zaztv3.ram <-- webott /d:/html/users/webottcom/html/brett Zaztv3.ram
2003.04.19 17:31 B C:\Inetpub\wwwroot\brett\Zbattery.ram <-- webott /d:/html/users/webottcom/html/brett Zbattery.ram
2003.04.19 17:31 B C:\Inetpub\wwwroot\brett\Zbattery.rm <-- webott /d:/html/users/webottcom/html/brett Zbattery.rm
2003.04.19 17:31 B C:\Inetpub\wwwroot\brett\Zcnbc28.ram <-- webott /d:/html/users/webottcom/html/brett Zcnbc28.ram
2003.04.19 17:31 B C:\Inetpub\wwwroot\brett\Zcnbc28.rm <-- webott /d:/html/users/webottcom/html/brett Zcnbc28.rm
2003.04.19 17:31 B C:\Inetpub\wwwroot\brett\Zdashopening.ram <-- webott /d:/html/users/webottcom/html/brett Zdashopening.ram
2003.04.19 17:31 B C:\Inetpub\wwwroot\brett\Zdashopening.rm <-- webott /d:/html/users/webottcom/html/brett Zdashopening.rm
2003.04.19 17:31 B C:\Inetpub\wwwroot\brett\Zdynamat.ram <-- webott /d:/html/users/webottcom/html/brett Zdynamat.ram
2003.04.19 17:31 B C:\Inetpub\wwwroot\brett\Zdynamat.rm <-- webott /d:/html/users/webottcom/html/brett Zdynamat.rm
2003.04.19 17:31 B C:\Inetpub\wwwroot\brett\Zfender.ram <-- webott /d:/html/users/webottcom/html/brett Zfender.ram
2003.04.19 17:32 B C:\Inetpub\wwwroot\brett\Zfender.rm <-- webott /d:/html/users/webottcom/html/brett Zfender.rm
2003.04.19 17:32 B C:\Inetpub\wwwroot\brett\Zfiberglass.ram <-- webott /d:/html/users/webottcom/html/brett Zfiberglass.ram
2003.04.19 17:32 B C:\Inetpub\wwwroot\brett\Zfiberglass.rm <-- webott /d:/html/users/webottcom/html/brett Zfiberglass.rm
2003.04.19 17:32 B C:\Inetpub\wwwroot\brett\Zfold.ram <-- webott /d:/html/users/webottcom/html/brett Zfold.ram
2003.04.19 17:32 B C:\Inetpub\wwwroot\brett\Zfold.rm <-- webott /d:/html/users/webottcom/html/brett Zfold.rm
2003.04.19 17:32 B C:\Inetpub\wwwroot\brett\Zfuseandcaps.ram <-- webott /d:/html/users/webottcom/html/brett Zfuseandcaps.ram
2003.04.19 17:32 B C:\Inetpub\wwwroot\brett\Zfuseandcaps.rm <-- webott /d:/html/users/webottcom/html/brett Zfuseandcaps.rm
2003.04.19 17:32 B C:\Inetpub\wwwroot\brett\Zintro.ram <-- webott /d:/html/users/webottcom/html/brett Zintro.ram
2003.04.19 17:32 B C:\Inetpub\wwwroot\brett\Zintro.rm <-- webott /d:/html/users/webottcom/html/brett Zintro.rm
2003.04.19 17:32 B C:\Inetpub\wwwroot\brett\Zmagazines.ram <-- webott /d:/html/users/webottcom/html/brett Zmagazines.ram
2003.04.19 17:32 B C:\Inetpub\wwwroot\brett\Zmagazines.rm <-- webott /d:/html/users/webottcom/html/brett Zmagazines.rm
2003.04.19 17:32 B C:\Inetpub\wwwroot\brett\Zmirror.ram <-- webott /d:/html/users/webottcom/html/brett Zmirror.ram
2003.04.19 17:32 B C:\Inetpub\wwwroot\brett\Zmirror.rm <-- webott /d:/html/users/webottcom/html/brett Zmirror.rm
2003.04.19 17:32 B C:\Inetpub\wwwroot\brett\Zoldkicks.ram <-- webott /d:/html/users/webottcom/html/brett Zoldkicks.ram
2003.04.19 17:32 B C:\Inetpub\wwwroot\brett\Zoldkicks.rm <-- webott /d:/html/users/webottcom/html/brett Zoldkicks.rm
2003.04.19 17:32 B C:\Inetpub\wwwroot\brett\Zpod1.ram <-- webott /d:/html/users/webottcom/html/brett Zpod1.ram
2003.04.19 17:32 B C:\Inetpub\wwwroot\brett\Zpod1.rm <-- webott /d:/html/users/webottcom/html/brett Zpod1.rm
2003.04.19 17:32 B C:\Inetpub\wwwroot\brett\Zpodportmotors.ram <-- webott /d:/html/users/webottcom/html/brett Zpodportmotors.ram
2003.04.19 17:32 B C:\Inetpub\wwwroot\brett\Zpodportmotors.rm <-- webott /d:/html/users/webottcom/html/brett Zpodportmotors.rm
2003.04.19 17:32 B C:\Inetpub\wwwroot\brett\Zstalk.ram <-- webott /d:/html/users/webottcom/html/brett Zstalk.ram
2003.04.19 17:32 B C:\Inetpub\wwwroot\brett\Zstalk.rm <-- webott /d:/html/users/webottcom/html/brett Zstalk.rm
2003.04.19 17:32 B C:\Inetpub\wwwroot\brett\Zsub1.ram <-- webott /d:/html/users/webottcom/html/brett Zsub1.ram
2003.04.19 17:32 B C:\Inetpub\wwwroot\brett\Zsub1.rm <-- webott /d:/html/users/webottcom/html/brett Zsub1.rm
2003.04.19 17:32 B C:\Inetpub\wwwroot\brett\Zsub2.ram <-- webott /d:/html/users/webottcom/html/brett Zsub2.ram
2003.04.19 17:32 B C:\Inetpub\wwwroot\brett\Zsub2.rm <-- webott /d:/html/users/webottcom/html/brett Zsub2.rm
2003.04.19 17:32 B C:\Inetpub\wwwroot\brett\Ztrunk.ram <-- webott /d:/html/users/webottcom/html/brett Ztrunk.ram
2003.04.19 17:32 B C:\Inetpub\wwwroot\brett\Ztrunk.rm <-- webott /d:/html/users/webottcom/html/brett Ztrunk.rm
2003.04.19 17:32 B C:\Inetpub\wwwroot\brett\Ztrunk1.ram <-- webott /d:/html/users/webottcom/html/brett Ztrunk1.ram
2003.04.19 17:32 B C:\Inetpub\wwwroot\brett\Ztrunk1.rm <-- webott /d:/html/users/webottcom/html/brett Ztrunk1.rm
2003.04.19 17:32 B C:\Inetpub\wwwroot\brett\Ztrunk2.ram <-- webott /d:/html/users/webottcom/html/brett Ztrunk2.ram
2003.04.19 17:32 B C:\Inetpub\wwwroot\brett\Ztrunk2.rm <-- webott /d:/html/users/webottcom/html/brett Ztrunk2.rm
2003.04.19 17:32 B C:\Inetpub\wwwroot\brett\Ztweeterturn.ram <-- webott /d:/html/users/webottcom/html/brett Ztweeterturn.ram
2003.04.19 17:32 B C:\Inetpub\wwwroot\brett\Ztweeterturn.rm <-- webott /d:/html/users/webottcom/html/brett Ztweeterturn.rm
