2003.04.19 11:42 B C:\Inetpub\wwwroot\brett\images\0pod5.jpg <-- webott /d:/html/users/webottcom/html/brett/images 0pod5.jpg
2003.04.19 11:42 B C:\Inetpub\wwwroot\brett\images\124.gif <-- webott /d:/html/users/webottcom/html/brett/images 124.gif
2003.04.19 11:42 B C:\Inetpub\wwwroot\brett\images\153.jpg <-- webott /d:/html/users/webottcom/html/brett/images 153.jpg
2003.04.19 11:42 B C:\Inetpub\wwwroot\brett\images\16VIBE.jpg <-- webott /d:/html/users/webottcom/html/brett/images 16VIBE.jpg
2003.04.19 11:42 B C:\Inetpub\wwwroot\brett\images\16VIBE_small.jpg <-- webott /d:/html/users/webottcom/html/brett/images 16VIBE_small.jpg
2003.04.19 11:42 B C:\Inetpub\wwwroot\brett\images\540a.jpg <-- webott /d:/html/users/webottcom/html/brett/images 540a.jpg
2003.04.19 11:42 B C:\Inetpub\wwwroot\brett\images\540a_small.jpg <-- webott /d:/html/users/webottcom/html/brett/images 540a_small.jpg
2003.04.19 11:42 B C:\Inetpub\wwwroot\brett\images\801a.jpg <-- webott /d:/html/users/webottcom/html/brett/images 801a.jpg
2003.04.19 11:42 B C:\Inetpub\wwwroot\brett\images\801exploded.jpg <-- webott /d:/html/users/webottcom/html/brett/images 801exploded.jpg
2003.04.19 11:42 B C:\Inetpub\wwwroot\brett\images\801head.jpg <-- webott /d:/html/users/webottcom/html/brett/images 801head.jpg
2003.04.19 11:42 B C:\Inetpub\wwwroot\brett\images\801headbigger.jpg <-- webott /d:/html/users/webottcom/html/brett/images 801headbigger.jpg
2003.04.19 11:42 B C:\Inetpub\wwwroot\brett\images\801top.jpg <-- webott /d:/html/users/webottcom/html/brett/images 801top.jpg
2003.04.19 11:42 B C:\Inetpub\wwwroot\brett\images\andrew.gif <-- webott /d:/html/users/webottcom/html/brett/images andrew.gif
2003.04.19 11:42 B C:\Inetpub\wwwroot\brett\images\andrew_small.gif <-- webott /d:/html/users/webottcom/html/brett/images andrew_small.gif
2003.04.19 11:42 B C:\Inetpub\wwwroot\brett\images\apod1.jpg <-- webott /d:/html/users/webottcom/html/brett/images apod1.jpg
2003.04.19 11:42 B C:\Inetpub\wwwroot\brett\images\apod10.jpg <-- webott /d:/html/users/webottcom/html/brett/images apod10.jpg
2003.04.19 11:42 B C:\Inetpub\wwwroot\brett\images\apod11.jpg <-- webott /d:/html/users/webottcom/html/brett/images apod11.jpg
2003.04.19 11:42 B C:\Inetpub\wwwroot\brett\images\apod12.jpg <-- webott /d:/html/users/webottcom/html/brett/images apod12.jpg
2003.04.19 11:42 B C:\Inetpub\wwwroot\brett\images\apod2.jpg <-- webott /d:/html/users/webottcom/html/brett/images apod2.jpg
2003.04.19 11:42 B C:\Inetpub\wwwroot\brett\images\apod3.jpg <-- webott /d:/html/users/webottcom/html/brett/images apod3.jpg
2003.04.19 11:42 B C:\Inetpub\wwwroot\brett\images\apod4.jpg <-- webott /d:/html/users/webottcom/html/brett/images apod4.jpg
2003.04.19 11:42 B C:\Inetpub\wwwroot\brett\images\apod5.jpg <-- webott /d:/html/users/webottcom/html/brett/images apod5.jpg
2003.04.19 11:42 B C:\Inetpub\wwwroot\brett\images\apod6.jpg <-- webott /d:/html/users/webottcom/html/brett/images apod6.jpg
2003.04.19 11:42 B C:\Inetpub\wwwroot\brett\images\apod7.jpg <-- webott /d:/html/users/webottcom/html/brett/images apod7.jpg
2003.04.19 11:42 B C:\Inetpub\wwwroot\brett\images\apod8.jpg <-- webott /d:/html/users/webottcom/html/brett/images apod8.jpg
2003.04.19 11:42 B C:\Inetpub\wwwroot\brett\images\apod9.jpg <-- webott /d:/html/users/webottcom/html/brett/images apod9.jpg
2003.04.19 11:42 B C:\Inetpub\wwwroot\brett\images\AUTHCARTOON06.gif <-- webott /d:/html/users/webottcom/html/brett/images AUTHCARTOON06.gif
2003.04.19 11:43 B C:\Inetpub\wwwroot\brett\images\autosound1.jpg <-- webott /d:/html/users/webottcom/html/brett/images autosound1.jpg
2003.04.19 11:43 B C:\Inetpub\wwwroot\brett\images\autosound1_small.jpg <-- webott /d:/html/users/webottcom/html/brett/images autosound1_small.jpg
2003.04.19 11:43 B C:\Inetpub\wwwroot\brett\images\autosoundscover.jpg <-- webott /d:/html/users/webottcom/html/brett/images autosoundscover.jpg
2003.04.19 11:43 B C:\Inetpub\wwwroot\brett\images\autosoundscover_small.jpg <-- webott /d:/html/users/webottcom/html/brett/images autosoundscover_small.jpg
2003.04.19 11:43 B C:\Inetpub\wwwroot\brett\images\backst10.jpg <-- webott /d:/html/users/webottcom/html/brett/images backst10.jpg
2003.04.19 11:43 B C:\Inetpub\wwwroot\brett\images\backst11.jpg <-- webott /d:/html/users/webottcom/html/brett/images backst11.jpg
2003.04.19 11:43 B C:\Inetpub\wwwroot\brett\images\backst13.jpg <-- webott /d:/html/users/webottcom/html/brett/images backst13.jpg
2003.04.19 11:43 B C:\Inetpub\wwwroot\brett\images\backst15.jpg <-- webott /d:/html/users/webottcom/html/brett/images backst15.jpg
2003.04.19 11:43 B C:\Inetpub\wwwroot\brett\images\backst16.jpg <-- webott /d:/html/users/webottcom/html/brett/images backst16.jpg
2003.04.19 11:43 B C:\Inetpub\wwwroot\brett\images\backst17.jpg <-- webott /d:/html/users/webottcom/html/brett/images backst17.jpg
2003.04.19 11:43 B C:\Inetpub\wwwroot\brett\images\backst2.jpg <-- webott /d:/html/users/webottcom/html/brett/images backst2.jpg
2003.04.19 11:43 B C:\Inetpub\wwwroot\brett\images\backst3.jpg <-- webott /d:/html/users/webottcom/html/brett/images backst3.jpg
2003.04.19 11:43 B C:\Inetpub\wwwroot\brett\images\backst6.jpg <-- webott /d:/html/users/webottcom/html/brett/images backst6.jpg
2003.04.19 11:43 B C:\Inetpub\wwwroot\brett\images\backst7.jpg <-- webott /d:/html/users/webottcom/html/brett/images backst7.jpg
2003.04.19 11:43 B C:\Inetpub\wwwroot\brett\images\backst8.jpg <-- webott /d:/html/users/webottcom/html/brett/images backst8.jpg
2003.04.19 11:43 B C:\Inetpub\wwwroot\brett\images\backst9.jpg <-- webott /d:/html/users/webottcom/html/brett/images backst9.jpg
2003.04.19 11:43 B C:\Inetpub\wwwroot\brett\images\bat1.jpg <-- webott /d:/html/users/webottcom/html/brett/images bat1.jpg
2003.04.19 11:43 B C:\Inetpub\wwwroot\brett\images\bat10.jpg <-- webott /d:/html/users/webottcom/html/brett/images bat10.jpg
2003.04.19 11:43 B C:\Inetpub\wwwroot\brett\images\bat12.jpg <-- webott /d:/html/users/webottcom/html/brett/images bat12.jpg
2003.04.19 11:43 B C:\Inetpub\wwwroot\brett\images\bat13.jpg <-- webott /d:/html/users/webottcom/html/brett/images bat13.jpg
2003.04.19 11:43 B C:\Inetpub\wwwroot\brett\images\bat15.jpg <-- webott /d:/html/users/webottcom/html/brett/images bat15.jpg
2003.04.19 11:43 B C:\Inetpub\wwwroot\brett\images\bat2.jpg <-- webott /d:/html/users/webottcom/html/brett/images bat2.jpg
2003.04.19 11:43 B C:\Inetpub\wwwroot\brett\images\bat21.jpg <-- webott /d:/html/users/webottcom/html/brett/images bat21.jpg
2003.04.19 11:43 B C:\Inetpub\wwwroot\brett\images\bat22.jpg <-- webott /d:/html/users/webottcom/html/brett/images bat22.jpg
2003.04.19 11:43 B C:\Inetpub\wwwroot\brett\images\bat23.jpg <-- webott /d:/html/users/webottcom/html/brett/images bat23.jpg
2003.04.19 11:43 B C:\Inetpub\wwwroot\brett\images\bat24.jpg <-- webott /d:/html/users/webottcom/html/brett/images bat24.jpg
2003.04.19 11:43 B C:\Inetpub\wwwroot\brett\images\bat3.jpg <-- webott /d:/html/users/webottcom/html/brett/images bat3.jpg
2003.04.19 11:43 B C:\Inetpub\wwwroot\brett\images\bat4.jpg <-- webott /d:/html/users/webottcom/html/brett/images bat4.jpg
2003.04.19 11:43 B C:\Inetpub\wwwroot\brett\images\bat7.jpg <-- webott /d:/html/users/webottcom/html/brett/images bat7.jpg
2003.04.19 11:43 B C:\Inetpub\wwwroot\brett\images\bat9.jpg <-- webott /d:/html/users/webottcom/html/brett/images bat9.jpg
2003.04.19 11:43 B C:\Inetpub\wwwroot\brett\images\batta1.jpg <-- webott /d:/html/users/webottcom/html/brett/images batta1.jpg
2003.04.19 11:43 B C:\Inetpub\wwwroot\brett\images\batta2.jpg <-- webott /d:/html/users/webottcom/html/brett/images batta2.jpg
2003.04.19 11:43 B C:\Inetpub\wwwroot\brett\images\Bigredhot.JPG <-- webott /d:/html/users/webottcom/html/brett/images Bigredhot.JPG
2003.04.19 11:43 B C:\Inetpub\wwwroot\brett\images\board1.jpg <-- webott /d:/html/users/webottcom/html/brett/images board1.jpg
2003.04.19 11:43 B C:\Inetpub\wwwroot\brett\images\board4.jpg <-- webott /d:/html/users/webottcom/html/brett/images board4.jpg
2003.04.19 11:43 B C:\Inetpub\wwwroot\brett\images\board5.jpg <-- webott /d:/html/users/webottcom/html/brett/images board5.jpg
2003.04.19 11:43 B C:\Inetpub\wwwroot\brett\images\BS00107_.jpg <-- webott /d:/html/users/webottcom/html/brett/images BS00107_.jpg
2003.04.19 11:43 B C:\Inetpub\wwwroot\brett\images\bulbs.jpg <-- webott /d:/html/users/webottcom/html/brett/images bulbs.jpg
2003.04.19 11:43 B C:\Inetpub\wwwroot\brett\images\cap1.jpg <-- webott /d:/html/users/webottcom/html/brett/images cap1.jpg
2003.04.19 11:43 B C:\Inetpub\wwwroot\brett\images\cap10.jpg <-- webott /d:/html/users/webottcom/html/brett/images cap10.jpg
2003.04.19 11:43 B C:\Inetpub\wwwroot\brett\images\cap11.jpg <-- webott /d:/html/users/webottcom/html/brett/images cap11.jpg
2003.04.19 11:43 B C:\Inetpub\wwwroot\brett\images\cap13.jpg <-- webott /d:/html/users/webottcom/html/brett/images cap13.jpg
2003.04.19 11:43 B C:\Inetpub\wwwroot\brett\images\cap2.jpg <-- webott /d:/html/users/webottcom/html/brett/images cap2.jpg
2003.04.19 11:43 B C:\Inetpub\wwwroot\brett\images\cap22.jpg <-- webott /d:/html/users/webottcom/html/brett/images cap22.jpg
2003.04.19 11:43 B C:\Inetpub\wwwroot\brett\images\cap23.jpg <-- webott /d:/html/users/webottcom/html/brett/images cap23.jpg
2003.04.19 11:43 B C:\Inetpub\wwwroot\brett\images\cap24.jpg <-- webott /d:/html/users/webottcom/html/brett/images cap24.jpg
2003.04.19 11:43 B C:\Inetpub\wwwroot\brett\images\cap3.jpg <-- webott /d:/html/users/webottcom/html/brett/images cap3.jpg
2003.04.19 11:43 B C:\Inetpub\wwwroot\brett\images\cap6.jpg <-- webott /d:/html/users/webottcom/html/brett/images cap6.jpg
2003.04.19 11:43 B C:\Inetpub\wwwroot\brett\images\cap8.jpg <-- webott /d:/html/users/webottcom/html/brett/images cap8.jpg
2003.04.19 11:43 B C:\Inetpub\wwwroot\brett\images\cap9.jpg <-- webott /d:/html/users/webottcom/html/brett/images cap9.jpg
2003.04.19 11:43 B C:\Inetpub\wwwroot\brett\images\Caraudio1.jpg <-- webott /d:/html/users/webottcom/html/brett/images Caraudio1.jpg
2003.04.19 11:43 B C:\Inetpub\wwwroot\brett\images\Caraudio1_small.jpg <-- webott /d:/html/users/webottcom/html/brett/images Caraudio1_small.jpg
2003.04.19 11:43 B C:\Inetpub\wwwroot\brett\images\Caraudio2.jpg <-- webott /d:/html/users/webottcom/html/brett/images Caraudio2.jpg
2003.04.19 11:43 B C:\Inetpub\wwwroot\brett\images\Caraudio2_small.jpg <-- webott /d:/html/users/webottcom/html/brett/images Caraudio2_small.jpg
2003.04.19 11:43 B C:\Inetpub\wwwroot\brett\images\Caraudio3.jpg <-- webott /d:/html/users/webottcom/html/brett/images Caraudio3.jpg
2003.04.19 11:43 B C:\Inetpub\wwwroot\brett\images\Caraudio3_small.jpg <-- webott /d:/html/users/webottcom/html/brett/images Caraudio3_small.jpg
2003.04.19 11:44 B C:\Inetpub\wwwroot\brett\images\Caraudio4.jpg <-- webott /d:/html/users/webottcom/html/brett/images Caraudio4.jpg
2003.04.19 11:44 B C:\Inetpub\wwwroot\brett\images\Caraudio4_small.jpg <-- webott /d:/html/users/webottcom/html/brett/images Caraudio4_small.jpg
2003.04.19 11:44 B C:\Inetpub\wwwroot\brett\images\Caraudio5.jpg <-- webott /d:/html/users/webottcom/html/brett/images Caraudio5.jpg
2003.04.19 11:44 B C:\Inetpub\wwwroot\brett\images\Caraudio5_small.jpg <-- webott /d:/html/users/webottcom/html/brett/images Caraudio5_small.jpg
2003.04.19 11:44 B C:\Inetpub\wwwroot\brett\images\Caraudio6.jpg <-- webott /d:/html/users/webottcom/html/brett/images Caraudio6.jpg
2003.04.19 11:44 B C:\Inetpub\wwwroot\brett\images\Caraudio6_small.jpg <-- webott /d:/html/users/webottcom/html/brett/images Caraudio6_small.jpg
2003.04.19 11:44 B C:\Inetpub\wwwroot\brett\images\Caraudiocov.jpg <-- webott /d:/html/users/webottcom/html/brett/images Caraudiocov.jpg
2003.04.19 11:44 B C:\Inetpub\wwwroot\brett\images\Caraudiocov_small.jpg <-- webott /d:/html/users/webottcom/html/brett/images Caraudiocov_small.jpg
2003.04.19 11:44 B C:\Inetpub\wwwroot\brett\images\Cardiagram.JPG <-- webott /d:/html/users/webottcom/html/brett/images Cardiagram.JPG
2003.04.19 11:44 B C:\Inetpub\wwwroot\brett\images\Cardiagram_small.gif <-- webott /d:/html/users/webottcom/html/brett/images Cardiagram_small.gif
2003.04.19 11:44 B C:\Inetpub\wwwroot\brett\images\carp1.jpg <-- webott /d:/html/users/webottcom/html/brett/images carp1.jpg
2003.04.19 11:44 B C:\Inetpub\wwwroot\brett\images\carp11.jpg <-- webott /d:/html/users/webottcom/html/brett/images carp11.jpg
2003.04.19 11:44 B C:\Inetpub\wwwroot\brett\images\carp12.jpg <-- webott /d:/html/users/webottcom/html/brett/images carp12.jpg
2003.04.19 11:44 B C:\Inetpub\wwwroot\brett\images\carp13.jpg <-- webott /d:/html/users/webottcom/html/brett/images carp13.jpg
2003.04.19 11:44 B C:\Inetpub\wwwroot\brett\images\carp14.jpg <-- webott /d:/html/users/webottcom/html/brett/images carp14.jpg
2003.04.19 11:44 B C:\Inetpub\wwwroot\brett\images\carp15.jpg <-- webott /d:/html/users/webottcom/html/brett/images carp15.jpg
2003.04.19 11:44 B C:\Inetpub\wwwroot\brett\images\carp2.jpg <-- webott /d:/html/users/webottcom/html/brett/images carp2.jpg
2003.04.19 11:44 B C:\Inetpub\wwwroot\brett\images\carp5.jpg <-- webott /d:/html/users/webottcom/html/brett/images carp5.jpg
2003.04.19 11:44 B C:\Inetpub\wwwroot\brett\images\carp6.jpg <-- webott /d:/html/users/webottcom/html/brett/images carp6.jpg
2003.04.19 11:44 B C:\Inetpub\wwwroot\brett\images\carp7.jpg <-- webott /d:/html/users/webottcom/html/brett/images carp7.jpg
2003.04.19 11:44 B C:\Inetpub\wwwroot\brett\images\carp8.jpg <-- webott /d:/html/users/webottcom/html/brett/images carp8.jpg
2003.04.19 11:44 B C:\Inetpub\wwwroot\brett\images\carp9.jpg <-- webott /d:/html/users/webottcom/html/brett/images carp9.jpg
2003.04.19 11:44 B C:\Inetpub\wwwroot\brett\images\carsound.jpg <-- webott /d:/html/users/webottcom/html/brett/images carsound.jpg
2003.04.19 11:44 B C:\Inetpub\wwwroot\brett\images\carsound_small.jpg <-- webott /d:/html/users/webottcom/html/brett/images carsound_small.jpg
2003.04.19 11:44 B C:\Inetpub\wwwroot\brett\images\cdplay1.jpg <-- webott /d:/html/users/webottcom/html/brett/images cdplay1.jpg
2003.04.19 11:44 B C:\Inetpub\wwwroot\brett\images\cdplay2.jpg <-- webott /d:/html/users/webottcom/html/brett/images cdplay2.jpg
2003.04.19 11:44 B C:\Inetpub\wwwroot\brett\images\cdplay4.jpg <-- webott /d:/html/users/webottcom/html/brett/images cdplay4.jpg
2003.04.19 11:44 B C:\Inetpub\wwwroot\brett\images\cdplay5.jpg <-- webott /d:/html/users/webottcom/html/brett/images cdplay5.jpg
2003.04.19 11:44 B C:\Inetpub\wwwroot\brett\images\cdx805.gif <-- webott /d:/html/users/webottcom/html/brett/images cdx805.gif
2003.04.19 11:44 B C:\Inetpub\wwwroot\brett\images\circ1.jpg <-- webott /d:/html/users/webottcom/html/brett/images circ1.jpg
2003.04.19 11:44 B C:\Inetpub\wwwroot\brett\images\circ10.jpg <-- webott /d:/html/users/webottcom/html/brett/images circ10.jpg
2003.04.19 11:44 B C:\Inetpub\wwwroot\brett\images\circ4.jpg <-- webott /d:/html/users/webottcom/html/brett/images circ4.jpg
2003.04.19 11:44 B C:\Inetpub\wwwroot\brett\images\circ6.jpg <-- webott /d:/html/users/webottcom/html/brett/images circ6.jpg
2003.04.19 11:44 B C:\Inetpub\wwwroot\brett\images\circ8.jpg <-- webott /d:/html/users/webottcom/html/brett/images circ8.jpg
2003.04.19 11:44 B C:\Inetpub\wwwroot\brett\images\circuit1.jpg <-- webott /d:/html/users/webottcom/html/brett/images circuit1.jpg
2003.04.19 11:44 B C:\Inetpub\wwwroot\brett\images\circuit2.jpg <-- webott /d:/html/users/webottcom/html/brett/images circuit2.jpg
2003.04.19 11:44 B C:\Inetpub\wwwroot\brett\images\city.gif <-- webott /d:/html/users/webottcom/html/brett/images city.gif
2003.04.19 11:44 B C:\Inetpub\wwwroot\brett\images\CSRcover.jpg <-- webott /d:/html/users/webottcom/html/brett/images CSRcover.jpg
2003.04.19 11:44 B C:\Inetpub\wwwroot\brett\images\CSRcover_small.jpg <-- webott /d:/html/users/webottcom/html/brett/images CSRcover_small.jpg
2003.04.19 11:44 B C:\Inetpub\wwwroot\brett\images\dashdn.jpg <-- webott /d:/html/users/webottcom/html/brett/images dashdn.jpg
2003.04.19 11:44 B C:\Inetpub\wwwroot\brett\images\dashup.jpg <-- webott /d:/html/users/webottcom/html/brett/images dashup.jpg
2003.04.19 11:44 B C:\Inetpub\wwwroot\brett\images\deck1.jpg <-- webott /d:/html/users/webottcom/html/brett/images deck1.jpg
2003.04.19 11:44 B C:\Inetpub\wwwroot\brett\images\deck2.jpg <-- webott /d:/html/users/webottcom/html/brett/images deck2.jpg
2003.04.19 11:44 B C:\Inetpub\wwwroot\brett\images\deck3.jpg <-- webott /d:/html/users/webottcom/html/brett/images deck3.jpg
2003.04.19 11:44 B C:\Inetpub\wwwroot\brett\images\defaul1.jpg <-- webott /d:/html/users/webottcom/html/brett/images defaul1.jpg
2003.04.19 11:44 B C:\Inetpub\wwwroot\brett\images\deflax4.jpg <-- webott /d:/html/users/webottcom/html/brett/images deflax4.jpg
2003.04.19 11:44 B C:\Inetpub\wwwroot\brett\images\deflex1.jpg <-- webott /d:/html/users/webottcom/html/brett/images deflex1.jpg
2003.04.19 11:44 B C:\Inetpub\wwwroot\brett\images\deflex2.jpg <-- webott /d:/html/users/webottcom/html/brett/images deflex2.jpg
2003.04.19 11:44 B C:\Inetpub\wwwroot\brett\images\deflex5.jpg <-- webott /d:/html/users/webottcom/html/brett/images deflex5.jpg
2003.04.19 11:44 B C:\Inetpub\wwwroot\brett\images\drigril1.jpg <-- webott /d:/html/users/webottcom/html/brett/images drigril1.jpg
2003.04.19 11:44 B C:\Inetpub\wwwroot\brett\images\drigril2.jpg <-- webott /d:/html/users/webottcom/html/brett/images drigril2.jpg
2003.04.19 11:44 B C:\Inetpub\wwwroot\brett\images\drigril3.jpg <-- webott /d:/html/users/webottcom/html/brett/images drigril3.jpg
2003.04.19 11:44 B C:\Inetpub\wwwroot\brett\images\drigril4.jpg <-- webott /d:/html/users/webottcom/html/brett/images drigril4.jpg
2003.04.19 11:44 B C:\Inetpub\wwwroot\brett\images\drigril5.jpg <-- webott /d:/html/users/webottcom/html/brett/images drigril5.jpg
2003.04.19 11:44 B C:\Inetpub\wwwroot\brett\images\drikick1.jpg <-- webott /d:/html/users/webottcom/html/brett/images drikick1.jpg
2003.04.19 11:44 B C:\Inetpub\wwwroot\brett\images\drikick2.jpg <-- webott /d:/html/users/webottcom/html/brett/images drikick2.jpg
2003.04.19 11:45 B C:\Inetpub\wwwroot\brett\images\drikick3.jpg <-- webott /d:/html/users/webottcom/html/brett/images drikick3.jpg
2003.04.19 11:45 B C:\Inetpub\wwwroot\brett\images\drikick4.jpg <-- webott /d:/html/users/webottcom/html/brett/images drikick4.jpg
2003.04.19 11:45 B C:\Inetpub\wwwroot\brett\images\driope10.jpg <-- webott /d:/html/users/webottcom/html/brett/images driope10.jpg
2003.04.19 11:45 B C:\Inetpub\wwwroot\brett\images\driope12.jpg <-- webott /d:/html/users/webottcom/html/brett/images driope12.jpg
2003.04.19 11:45 B C:\Inetpub\wwwroot\brett\images\driope13.jpg <-- webott /d:/html/users/webottcom/html/brett/images driope13.jpg
2003.04.19 11:45 B C:\Inetpub\wwwroot\brett\images\driope14.jpg <-- webott /d:/html/users/webottcom/html/brett/images driope14.jpg
2003.04.19 11:45 B C:\Inetpub\wwwroot\brett\images\driope19.jpg <-- webott /d:/html/users/webottcom/html/brett/images driope19.jpg
2003.04.19 11:45 B C:\Inetpub\wwwroot\brett\images\driope20.jpg <-- webott /d:/html/users/webottcom/html/brett/images driope20.jpg
2003.04.19 11:45 B C:\Inetpub\wwwroot\brett\images\driopen5.jpg <-- webott /d:/html/users/webottcom/html/brett/images driopen5.jpg
2003.04.19 11:45 B C:\Inetpub\wwwroot\brett\images\driopen6.jpg <-- webott /d:/html/users/webottcom/html/brett/images driopen6.jpg
2003.04.19 11:45 B C:\Inetpub\wwwroot\brett\images\driopen9.jpg <-- webott /d:/html/users/webottcom/html/brett/images driopen9.jpg
2003.04.19 11:45 B C:\Inetpub\wwwroot\brett\images\dyanmat1.jpg <-- webott /d:/html/users/webottcom/html/brett/images dyanmat1.jpg
2003.04.19 11:45 B C:\Inetpub\wwwroot\brett\images\dyanmat2.jpg <-- webott /d:/html/users/webottcom/html/brett/images dyanmat2.jpg
2003.04.19 11:45 B C:\Inetpub\wwwroot\brett\images\dyanmat5.jpg <-- webott /d:/html/users/webottcom/html/brett/images dyanmat5.jpg
2003.04.19 11:45 B C:\Inetpub\wwwroot\brett\images\dyanmat6.jpg <-- webott /d:/html/users/webottcom/html/brett/images dyanmat6.jpg
2003.04.19 11:45 B C:\Inetpub\wwwroot\brett\images\dyanmat7.jpg <-- webott /d:/html/users/webottcom/html/brett/images dyanmat7.jpg
2003.04.19 11:45 B C:\Inetpub\wwwroot\brett\images\dyanmat8.jpg <-- webott /d:/html/users/webottcom/html/brett/images dyanmat8.jpg
2003.04.19 11:45 B C:\Inetpub\wwwroot\brett\images\dyanmat9.jpg <-- webott /d:/html/users/webottcom/html/brett/images dyanmat9.jpg
2003.04.19 11:45 B C:\Inetpub\wwwroot\brett\images\dyna1.jpg <-- webott /d:/html/users/webottcom/html/brett/images dyna1.jpg
2003.04.19 11:45 B C:\Inetpub\wwwroot\brett\images\dyna2.jpg <-- webott /d:/html/users/webottcom/html/brett/images dyna2.jpg
2003.04.19 11:45 B C:\Inetpub\wwwroot\brett\images\dyna3.jpg <-- webott /d:/html/users/webottcom/html/brett/images dyna3.jpg
2003.04.19 11:45 B C:\Inetpub\wwwroot\brett\images\dyna5.jpg <-- webott /d:/html/users/webottcom/html/brett/images dyna5.jpg
2003.04.19 11:45 B C:\Inetpub\wwwroot\brett\images\dyndoor3.jpg <-- webott /d:/html/users/webottcom/html/brett/images dyndoor3.jpg
2003.04.19 11:45 B C:\Inetpub\wwwroot\brett\images\dyndoor4.jpg <-- webott /d:/html/users/webottcom/html/brett/images dyndoor4.jpg
2003.04.19 11:45 B C:\Inetpub\wwwroot\brett\images\dyroof2.jpg <-- webott /d:/html/users/webottcom/html/brett/images dyroof2.jpg
2003.04.19 11:45 B C:\Inetpub\wwwroot\brett\images\dyroof3.jpg <-- webott /d:/html/users/webottcom/html/brett/images dyroof3.jpg
2003.04.19 11:45 B C:\Inetpub\wwwroot\brett\images\dyroof4.jpg <-- webott /d:/html/users/webottcom/html/brett/images dyroof4.jpg
2003.04.19 11:45 B C:\Inetpub\wwwroot\brett\images\dyroof5.jpg <-- webott /d:/html/users/webottcom/html/brett/images dyroof5.jpg
2003.04.19 11:45 B C:\Inetpub\wwwroot\brett\images\earl_small.jpg <-- webott /d:/html/users/webottcom/html/brett/images earl_small.jpg
2003.04.19 11:45 B C:\Inetpub\wwwroot\brett\images\engine3.jpg <-- webott /d:/html/users/webottcom/html/brett/images engine3.jpg
2003.04.19 11:45 B C:\Inetpub\wwwroot\brett\images\engine4.jpg <-- webott /d:/html/users/webottcom/html/brett/images engine4.jpg
2003.04.19 11:45 B C:\Inetpub\wwwroot\brett\images\engine5.jpg <-- webott /d:/html/users/webottcom/html/brett/images engine5.jpg
2003.04.19 11:45 B C:\Inetpub\wwwroot\brett\images\Everyone.jpg <-- webott /d:/html/users/webottcom/html/brett/images Everyone.jpg
2003.04.19 11:45 B C:\Inetpub\wwwroot\brett\images\Everyone_small.jpg <-- webott /d:/html/users/webottcom/html/brett/images Everyone_small.jpg
2003.04.19 11:45 B C:\Inetpub\wwwroot\brett\images\eztrophie.JPG <-- webott /d:/html/users/webottcom/html/brett/images eztrophie.JPG
2003.04.19 11:45 B C:\Inetpub\wwwroot\brett\images\f-open1.jpg <-- webott /d:/html/users/webottcom/html/brett/images f-open1.jpg
2003.04.19 11:45 B C:\Inetpub\wwwroot\brett\images\f-open5.jpg <-- webott /d:/html/users/webottcom/html/brett/images f-open5.jpg
2003.04.19 11:45 B C:\Inetpub\wwwroot\brett\images\famousgroup.art <-- webott /d:/html/users/webottcom/html/brett/images famousgroup.art
2003.04.19 11:45 B C:\Inetpub\wwwroot\brett\images\fender1.jpg <-- webott /d:/html/users/webottcom/html/brett/images fender1.jpg
2003.04.19 11:45 B C:\Inetpub\wwwroot\brett\images\fender2.jpg <-- webott /d:/html/users/webottcom/html/brett/images fender2.jpg
2003.04.19 11:45 B C:\Inetpub\wwwroot\brett\images\fender4.jpg <-- webott /d:/html/users/webottcom/html/brett/images fender4.jpg
2003.04.19 11:45 B C:\Inetpub\wwwroot\brett\images\fender5.jpg <-- webott /d:/html/users/webottcom/html/brett/images fender5.jpg
2003.04.19 11:45 B C:\Inetpub\wwwroot\brett\images\floor1.jpg <-- webott /d:/html/users/webottcom/html/brett/images floor1.jpg
2003.04.19 11:45 B C:\Inetpub\wwwroot\brett\images\floor2.jpg <-- webott /d:/html/users/webottcom/html/brett/images floor2.jpg
2003.04.19 11:45 B C:\Inetpub\wwwroot\brett\images\floor3.jpg <-- webott /d:/html/users/webottcom/html/brett/images floor3.jpg
2003.04.19 11:45 B C:\Inetpub\wwwroot\brett\images\floor4.jpg <-- webott /d:/html/users/webottcom/html/brett/images floor4.jpg
2003.04.19 11:45 B C:\Inetpub\wwwroot\brett\images\floor5.jpg <-- webott /d:/html/users/webottcom/html/brett/images floor5.jpg
2003.04.19 11:45 B C:\Inetpub\wwwroot\brett\images\forthe.art <-- webott /d:/html/users/webottcom/html/brett/images forthe.art
2003.04.19 11:45 B C:\Inetpub\wwwroot\brett\images\front.1.jpg <-- webott /d:/html/users/webottcom/html/brett/images front.1.jpg
2003.04.19 11:45 B C:\Inetpub\wwwroot\brett\images\frontpag.gif <-- webott /d:/html/users/webottcom/html/brett/images frontpag.gif
2003.04.19 11:45 B C:\Inetpub\wwwroot\brett\images\ftrunk1.jpg <-- webott /d:/html/users/webottcom/html/brett/images ftrunk1.jpg
2003.04.19 11:45 B C:\Inetpub\wwwroot\brett\images\ftrunk1_small.jpg <-- webott /d:/html/users/webottcom/html/brett/images ftrunk1_small.jpg
2003.04.19 11:45 B C:\Inetpub\wwwroot\brett\images\fuse1.jpg <-- webott /d:/html/users/webottcom/html/brett/images fuse1.jpg
2003.04.19 11:45 B C:\Inetpub\wwwroot\brett\images\fuse2.jpg <-- webott /d:/html/users/webottcom/html/brett/images fuse2.jpg
2003.04.19 11:45 B C:\Inetpub\wwwroot\brett\images\fuse3.jpg <-- webott /d:/html/users/webottcom/html/brett/images fuse3.jpg
2003.04.19 11:45 B C:\Inetpub\wwwroot\brett\images\fuse4.jpg <-- webott /d:/html/users/webottcom/html/brett/images fuse4.jpg
2003.04.19 11:45 B C:\Inetpub\wwwroot\brett\images\fuse5.jpg <-- webott /d:/html/users/webottcom/html/brett/images fuse5.jpg
2003.04.19 11:45 B C:\Inetpub\wwwroot\brett\images\getfree_anim.gif <-- webott /d:/html/users/webottcom/html/brett/images getfree_anim.gif
2003.04.19 11:45 B C:\Inetpub\wwwroot\brett\images\gold2.jpg <-- webott /d:/html/users/webottcom/html/brett/images gold2.jpg
2003.04.19 11:45 B C:\Inetpub\wwwroot\brett\images\gold4.jpg <-- webott /d:/html/users/webottcom/html/brett/images gold4.jpg
2003.04.19 11:45 B C:\Inetpub\wwwroot\brett\images\grom1.jpg <-- webott /d:/html/users/webottcom/html/brett/images grom1.jpg
2003.04.19 11:45 B C:\Inetpub\wwwroot\brett\images\grom2.jpg <-- webott /d:/html/users/webottcom/html/brett/images grom2.jpg
2003.04.19 11:45 B C:\Inetpub\wwwroot\brett\images\grom3.jpg <-- webott /d:/html/users/webottcom/html/brett/images grom3.jpg
2003.04.19 11:45 B C:\Inetpub\wwwroot\brett\images\head1.jpg <-- webott /d:/html/users/webottcom/html/brett/images head1.jpg
2003.04.19 11:45 B C:\Inetpub\wwwroot\brett\images\head3.jpg <-- webott /d:/html/users/webottcom/html/brett/images head3.jpg
2003.04.19 11:45 B C:\Inetpub\wwwroot\brett\images\head4.jpg <-- webott /d:/html/users/webottcom/html/brett/images head4.jpg
2003.04.19 11:45 B C:\Inetpub\wwwroot\brett\images\home_logo.jpg <-- webott /d:/html/users/webottcom/html/brett/images home_logo.jpg
2003.04.19 11:45 B C:\Inetpub\wwwroot\brett\images\hood1.jpg <-- webott /d:/html/users/webottcom/html/brett/images hood1.jpg
2003.04.19 11:46 B C:\Inetpub\wwwroot\brett\images\hood2.jpg <-- webott /d:/html/users/webottcom/html/brett/images hood2.jpg
2003.04.19 11:46 B C:\Inetpub\wwwroot\brett\images\hood3.jpg <-- webott /d:/html/users/webottcom/html/brett/images hood3.jpg
2003.04.19 11:46 B C:\Inetpub\wwwroot\brett\images\iasca-a.gif <-- webott /d:/html/users/webottcom/html/brett/images iasca-a.gif
2003.04.19 11:46 B C:\Inetpub\wwwroot\brett\images\ie_static.gif <-- webott /d:/html/users/webottcom/html/brett/images ie_static.gif
2003.04.19 11:46 B C:\Inetpub\wwwroot\brett\images\keychains.art <-- webott /d:/html/users/webottcom/html/brett/images keychains.art
2003.04.19 11:46 B C:\Inetpub\wwwroot\brett\images\kick1.jpg <-- webott /d:/html/users/webottcom/html/brett/images kick1.jpg
2003.04.19 11:46 B C:\Inetpub\wwwroot\brett\images\lamp1.jpg <-- webott /d:/html/users/webottcom/html/brett/images lamp1.jpg
2003.04.19 11:46 B C:\Inetpub\wwwroot\brett\images\lamp3.jpg <-- webott /d:/html/users/webottcom/html/brett/images lamp3.jpg
2003.04.19 11:46 B C:\Inetpub\wwwroot\brett\images\lamp4.jpg <-- webott /d:/html/users/webottcom/html/brett/images lamp4.jpg
2003.04.19 11:46 B C:\Inetpub\wwwroot\brett\images\lamp5.jpg <-- webott /d:/html/users/webottcom/html/brett/images lamp5.jpg
2003.04.19 11:46 B C:\Inetpub\wwwroot\brett\images\lance.jpg <-- webott /d:/html/users/webottcom/html/brett/images lance.jpg
2003.04.19 11:46 B C:\Inetpub\wwwroot\brett\images\lid1.jpg <-- webott /d:/html/users/webottcom/html/brett/images lid1.jpg
2003.04.19 11:46 B C:\Inetpub\wwwroot\brett\images\lid2.jpg <-- webott /d:/html/users/webottcom/html/brett/images lid2.jpg
2003.04.19 11:46 B C:\Inetpub\wwwroot\brett\images\lid3.bmp <-- webott /d:/html/users/webottcom/html/brett/images lid3.bmp
2003.04.19 11:46 B C:\Inetpub\wwwroot\brett\images\lid4.jpg <-- webott /d:/html/users/webottcom/html/brett/images lid4.jpg
2003.04.19 11:46 B C:\Inetpub\wwwroot\brett\images\lid5.jpg <-- webott /d:/html/users/webottcom/html/brett/images lid5.jpg
2003.04.19 11:46 B C:\Inetpub\wwwroot\brett\images\lid6.jpg <-- webott /d:/html/users/webottcom/html/brett/images lid6.jpg
2003.04.19 11:46 B C:\Inetpub\wwwroot\brett\images\lid7.jpg <-- webott /d:/html/users/webottcom/html/brett/images lid7.jpg
2003.04.19 11:46 B C:\Inetpub\wwwroot\brett\images\mailbox.jpg <-- webott /d:/html/users/webottcom/html/brett/images mailbox.jpg
2003.04.19 11:46 B C:\Inetpub\wwwroot\brett\images\mailbox_small.jpg <-- webott /d:/html/users/webottcom/html/brett/images mailbox_small.jpg
2003.04.19 11:46 B C:\Inetpub\wwwroot\brett\images\mapleshade.gif <-- webott /d:/html/users/webottcom/html/brett/images mapleshade.gif
2003.04.19 11:46 B C:\Inetpub\wwwroot\brett\images\meta.inc <-- webott /d:/html/users/webottcom/html/brett/images meta.inc
2003.04.19 11:46 B C:\Inetpub\wwwroot\brett\images\mirror 6.jpg <-- webott /d:/html/users/webottcom/html/brett/images mirror 6.jpg
2003.04.19 11:46 B C:\Inetpub\wwwroot\brett\images\mirror1.jpg <-- webott /d:/html/users/webottcom/html/brett/images mirror1.jpg
2003.04.19 11:46 B C:\Inetpub\wwwroot\brett\images\mirror2.jpg <-- webott /d:/html/users/webottcom/html/brett/images mirror2.jpg
2003.04.19 11:46 B C:\Inetpub\wwwroot\brett\images\mirror3.jpg <-- webott /d:/html/users/webottcom/html/brett/images mirror3.jpg
2003.04.19 11:46 B C:\Inetpub\wwwroot\brett\images\mirror4.jpg <-- webott /d:/html/users/webottcom/html/brett/images mirror4.jpg
2003.04.19 11:46 B C:\Inetpub\wwwroot\brett\images\mirror5.jpg <-- webott /d:/html/users/webottcom/html/brett/images mirror5.jpg
2003.04.19 11:46 B C:\Inetpub\wwwroot\brett\images\mirror7.jpg <-- webott /d:/html/users/webottcom/html/brett/images mirror7.jpg
2003.04.19 11:46 B C:\Inetpub\wwwroot\brett\images\nautilus.jpg <-- webott /d:/html/users/webottcom/html/brett/images nautilus.jpg
2003.04.19 11:46 B C:\Inetpub\wwwroot\brett\images\Newsweek1.jpg <-- webott /d:/html/users/webottcom/html/brett/images Newsweek1.jpg
2003.04.19 11:46 B C:\Inetpub\wwwroot\brett\images\Newsweekcover.jpg <-- webott /d:/html/users/webottcom/html/brett/images Newsweekcover.jpg
2003.04.19 11:46 B C:\Inetpub\wwwroot\brett\images\opod1.jpg <-- webott /d:/html/users/webottcom/html/brett/images opod1.jpg
2003.04.19 11:46 B C:\Inetpub\wwwroot\brett\images\opod2.jpg <-- webott /d:/html/users/webottcom/html/brett/images opod2.jpg
2003.04.19 11:46 B C:\Inetpub\wwwroot\brett\images\opod3.jpg <-- webott /d:/html/users/webottcom/html/brett/images opod3.jpg
2003.04.19 11:46 B C:\Inetpub\wwwroot\brett\images\opod4.jpg <-- webott /d:/html/users/webottcom/html/brett/images opod4.jpg
2003.04.19 11:46 B C:\Inetpub\wwwroot\brett\images\Paper1.jpg <-- webott /d:/html/users/webottcom/html/brett/images Paper1.jpg
2003.04.19 11:46 B C:\Inetpub\wwwroot\brett\images\Paper1_small.jpg <-- webott /d:/html/users/webottcom/html/brett/images Paper1_small.jpg
2003.04.19 11:46 B C:\Inetpub\wwwroot\brett\images\Paper2.jpg <-- webott /d:/html/users/webottcom/html/brett/images Paper2.jpg
2003.04.19 11:46 B C:\Inetpub\wwwroot\brett\images\Paper2_small.jpg <-- webott /d:/html/users/webottcom/html/brett/images Paper2_small.jpg
2003.04.19 11:46 B C:\Inetpub\wwwroot\brett\images\Paper3.jpg <-- webott /d:/html/users/webottcom/html/brett/images Paper3.jpg
2003.04.19 11:46 B C:\Inetpub\wwwroot\brett\images\Paper3_small.jpg <-- webott /d:/html/users/webottcom/html/brett/images Paper3_small.jpg
2003.04.19 11:46 B C:\Inetpub\wwwroot\brett\images\Paper4.jpg <-- webott /d:/html/users/webottcom/html/brett/images Paper4.jpg
2003.04.19 11:46 B C:\Inetpub\wwwroot\brett\images\Paper4_small.jpg <-- webott /d:/html/users/webottcom/html/brett/images Paper4_small.jpg
2003.04.19 11:46 B C:\Inetpub\wwwroot\brett\images\pasgril1.jpg <-- webott /d:/html/users/webottcom/html/brett/images pasgril1.jpg
2003.04.19 11:46 B C:\Inetpub\wwwroot\brett\images\pasgril3.jpg <-- webott /d:/html/users/webottcom/html/brett/images pasgril3.jpg
2003.04.19 11:46 B C:\Inetpub\wwwroot\brett\images\pasgril5.jpg <-- webott /d:/html/users/webottcom/html/brett/images pasgril5.jpg
2003.04.19 11:46 B C:\Inetpub\wwwroot\brett\images\paskick1.jpg <-- webott /d:/html/users/webottcom/html/brett/images paskick1.jpg
2003.04.19 11:46 B C:\Inetpub\wwwroot\brett\images\paskick2.jpg <-- webott /d:/html/users/webottcom/html/brett/images paskick2.jpg
2003.04.19 11:46 B C:\Inetpub\wwwroot\brett\images\paskick3.jpg <-- webott /d:/html/users/webottcom/html/brett/images paskick3.jpg
2003.04.19 11:46 B C:\Inetpub\wwwroot\brett\images\paskick4.jpg <-- webott /d:/html/users/webottcom/html/brett/images paskick4.jpg
2003.04.19 11:46 B C:\Inetpub\wwwroot\brett\images\paskick5.jpg <-- webott /d:/html/users/webottcom/html/brett/images paskick5.jpg
2003.04.19 11:46 B C:\Inetpub\wwwroot\brett\images\paskick6.jpg <-- webott /d:/html/users/webottcom/html/brett/images paskick6.jpg
2003.04.19 11:46 B C:\Inetpub\wwwroot\brett\images\paskick7.jpg <-- webott /d:/html/users/webottcom/html/brett/images paskick7.jpg
2003.04.19 11:46 B C:\Inetpub\wwwroot\brett\images\paskick9.jpg <-- webott /d:/html/users/webottcom/html/brett/images paskick9.jpg
2003.04.19 11:46 B C:\Inetpub\wwwroot\brett\images\pasope10.jpg <-- webott /d:/html/users/webottcom/html/brett/images pasope10.jpg
2003.04.19 11:46 B C:\Inetpub\wwwroot\brett\images\pasopen1.jpg <-- webott /d:/html/users/webottcom/html/brett/images pasopen1.jpg
2003.04.19 11:47 B C:\Inetpub\wwwroot\brett\images\pasopen3.jpg <-- webott /d:/html/users/webottcom/html/brett/images pasopen3.jpg
2003.04.19 11:47 B C:\Inetpub\wwwroot\brett\images\pasopen5.jpg <-- webott /d:/html/users/webottcom/html/brett/images pasopen5.jpg
2003.04.19 11:47 B C:\Inetpub\wwwroot\brett\images\pasopen6.jpg <-- webott /d:/html/users/webottcom/html/brett/images pasopen6.jpg
2003.04.19 11:47 B C:\Inetpub\wwwroot\brett\images\pasopen7.jpg <-- webott /d:/html/users/webottcom/html/brett/images pasopen7.jpg
2003.04.19 11:47 B C:\Inetpub\wwwroot\brett\images\pasopen8.jpg <-- webott /d:/html/users/webottcom/html/brett/images pasopen8.jpg
2003.04.19 11:47 B C:\Inetpub\wwwroot\brett\images\pasopen9.jpg <-- webott /d:/html/users/webottcom/html/brett/images pasopen9.jpg
2003.04.19 11:47 B C:\Inetpub\wwwroot\brett\images\passpod1.jpg <-- webott /d:/html/users/webottcom/html/brett/images passpod1.jpg
2003.04.19 11:47 B C:\Inetpub\wwwroot\brett\images\passpod3.jpg <-- webott /d:/html/users/webottcom/html/brett/images passpod3.jpg
2003.04.19 11:47 B C:\Inetpub\wwwroot\brett\images\passpod4.jpg <-- webott /d:/html/users/webottcom/html/brett/images passpod4.jpg
2003.04.19 11:47 B C:\Inetpub\wwwroot\brett\images\passpod6.jpg <-- webott /d:/html/users/webottcom/html/brett/images passpod6.jpg
2003.04.19 11:47 B C:\Inetpub\wwwroot\brett\images\passpod7.jpg <-- webott /d:/html/users/webottcom/html/brett/images passpod7.jpg
2003.04.19 11:47 B C:\Inetpub\wwwroot\brett\images\passpod9.jpg <-- webott /d:/html/users/webottcom/html/brett/images passpod9.jpg
2003.04.19 11:47 B C:\Inetpub\wwwroot\brett\images\pod12.jpg <-- webott /d:/html/users/webottcom/html/brett/images pod12.jpg
2003.04.19 11:47 B C:\Inetpub\wwwroot\brett\images\pod14.jpg <-- webott /d:/html/users/webottcom/html/brett/images pod14.jpg
2003.04.19 11:47 B C:\Inetpub\wwwroot\brett\images\pod15.jpg <-- webott /d:/html/users/webottcom/html/brett/images pod15.jpg
2003.04.19 11:47 B C:\Inetpub\wwwroot\brett\images\pods1.jpg <-- webott /d:/html/users/webottcom/html/brett/images pods1.jpg
2003.04.19 11:47 B C:\Inetpub\wwwroot\brett\images\pods10.jpg <-- webott /d:/html/users/webottcom/html/brett/images pods10.jpg
2003.04.19 11:47 B C:\Inetpub\wwwroot\brett\images\pods11.jpg <-- webott /d:/html/users/webottcom/html/brett/images pods11.jpg
2003.04.19 11:47 B C:\Inetpub\wwwroot\brett\images\pods12.jpg <-- webott /d:/html/users/webottcom/html/brett/images pods12.jpg
2003.04.19 11:47 B C:\Inetpub\wwwroot\brett\images\pods14.jpg <-- webott /d:/html/users/webottcom/html/brett/images pods14.jpg
2003.04.19 11:47 B C:\Inetpub\wwwroot\brett\images\pods2.jpg <-- webott /d:/html/users/webottcom/html/brett/images pods2.jpg
2003.04.19 11:47 B C:\Inetpub\wwwroot\brett\images\pods3.jpg <-- webott /d:/html/users/webottcom/html/brett/images pods3.jpg
2003.04.19 11:47 B C:\Inetpub\wwwroot\brett\images\pods4.jpg <-- webott /d:/html/users/webottcom/html/brett/images pods4.jpg
2003.04.19 11:47 B C:\Inetpub\wwwroot\brett\images\pods6.jpg <-- webott /d:/html/users/webottcom/html/brett/images pods6.jpg
2003.04.19 11:47 B C:\Inetpub\wwwroot\brett\images\pods7.jpg <-- webott /d:/html/users/webottcom/html/brett/images pods7.jpg
2003.04.19 11:47 B C:\Inetpub\wwwroot\brett\images\pods8.jpg <-- webott /d:/html/users/webottcom/html/brett/images pods8.jpg
2003.04.19 11:47 B C:\Inetpub\wwwroot\brett\images\pods9.jpg <-- webott /d:/html/users/webottcom/html/brett/images pods9.jpg
2003.04.19 11:47 B C:\Inetpub\wwwroot\brett\images\portdown.jpg <-- webott /d:/html/users/webottcom/html/brett/images portdown.jpg
2003.04.19 11:47 B C:\Inetpub\wwwroot\brett\images\portup.jpg <-- webott /d:/html/users/webottcom/html/brett/images portup.jpg
2003.04.19 11:47 B C:\Inetpub\wwwroot\brett\images\pro15.jpg <-- webott /d:/html/users/webottcom/html/brett/images pro15.jpg
2003.04.19 11:47 B C:\Inetpub\wwwroot\brett\images\rack1.jpg <-- webott /d:/html/users/webottcom/html/brett/images rack1.jpg
2003.04.19 11:47 B C:\Inetpub\wwwroot\brett\images\rack2.jpg <-- webott /d:/html/users/webottcom/html/brett/images rack2.jpg
2003.04.19 11:47 B C:\Inetpub\wwwroot\brett\images\rack3.jpg <-- webott /d:/html/users/webottcom/html/brett/images rack3.jpg
2003.04.19 11:47 B C:\Inetpub\wwwroot\brett\images\rack4.jpg <-- webott /d:/html/users/webottcom/html/brett/images rack4.jpg
2003.04.19 11:47 B C:\Inetpub\wwwroot\brett\images\rack5.jpg <-- webott /d:/html/users/webottcom/html/brett/images rack5.jpg
2003.04.19 11:47 B C:\Inetpub\wwwroot\brett\images\rack6.jpg <-- webott /d:/html/users/webottcom/html/brett/images rack6.jpg
2003.04.19 11:47 B C:\Inetpub\wwwroot\brett\images\racka2.jpg <-- webott /d:/html/users/webottcom/html/brett/images racka2.jpg
2003.04.19 11:47 B C:\Inetpub\wwwroot\brett\images\rawmid.jpg <-- webott /d:/html/users/webottcom/html/brett/images rawmid.jpg
2003.04.19 11:47 B C:\Inetpub\wwwroot\brett\images\rawsub.jpg <-- webott /d:/html/users/webottcom/html/brett/images rawsub.jpg
2003.04.19 11:47 B C:\Inetpub\wwwroot\brett\images\rdyn1.jpg <-- webott /d:/html/users/webottcom/html/brett/images rdyn1.jpg
2003.04.19 11:47 B C:\Inetpub\wwwroot\brett\images\rdyn10.jpg <-- webott /d:/html/users/webottcom/html/brett/images rdyn10.jpg
2003.04.19 11:47 B C:\Inetpub\wwwroot\brett\images\rdyn11.jpg <-- webott /d:/html/users/webottcom/html/brett/images rdyn11.jpg
2003.04.19 11:47 B C:\Inetpub\wwwroot\brett\images\rdyn3.jpg <-- webott /d:/html/users/webottcom/html/brett/images rdyn3.jpg
2003.04.19 11:47 B C:\Inetpub\wwwroot\brett\images\rdyn4.jpg <-- webott /d:/html/users/webottcom/html/brett/images rdyn4.jpg
2003.04.19 11:47 B C:\Inetpub\wwwroot\brett\images\rdyn5.jpg <-- webott /d:/html/users/webottcom/html/brett/images rdyn5.jpg
2003.04.19 11:47 B C:\Inetpub\wwwroot\brett\images\rdyn6.jpg <-- webott /d:/html/users/webottcom/html/brett/images rdyn6.jpg
2003.04.19 11:47 B C:\Inetpub\wwwroot\brett\images\redhot4.jpg <-- webott /d:/html/users/webottcom/html/brett/images redhot4.jpg
2003.04.19 11:47 B C:\Inetpub\wwwroot\brett\images\ring1.jpg <-- webott /d:/html/users/webottcom/html/brett/images ring1.jpg
2003.04.19 11:47 B C:\Inetpub\wwwroot\brett\images\ring2.jpg <-- webott /d:/html/users/webottcom/html/brett/images ring2.jpg
2003.04.19 11:47 B C:\Inetpub\wwwroot\brett\images\ring3.jpg <-- webott /d:/html/users/webottcom/html/brett/images ring3.jpg
2003.04.19 11:47 B C:\Inetpub\wwwroot\brett\images\ring4.jpg <-- webott /d:/html/users/webottcom/html/brett/images ring4.jpg
2003.04.19 11:47 B C:\Inetpub\wwwroot\brett\images\ring5.jpg <-- webott /d:/html/users/webottcom/html/brett/images ring5.jpg
2003.04.19 11:47 B C:\Inetpub\wwwroot\brett\images\rod1.jpg <-- webott /d:/html/users/webottcom/html/brett/images rod1.jpg
2003.04.19 11:47 B C:\Inetpub\wwwroot\brett\images\Round1.jpg <-- webott /d:/html/users/webottcom/html/brett/images Round1.jpg
2003.04.19 11:47 B C:\Inetpub\wwwroot\brett\images\Round1_small.jpg <-- webott /d:/html/users/webottcom/html/brett/images Round1_small.jpg
2003.04.19 11:47 B C:\Inetpub\wwwroot\brett\images\Round2.jpg <-- webott /d:/html/users/webottcom/html/brett/images Round2.jpg
2003.04.19 11:47 B C:\Inetpub\wwwroot\brett\images\Round2_small.jpg <-- webott /d:/html/users/webottcom/html/brett/images Round2_small.jpg
2003.04.19 11:47 B C:\Inetpub\wwwroot\brett\images\Roundcover.jpg <-- webott /d:/html/users/webottcom/html/brett/images Roundcover.jpg
2003.04.19 11:47 B C:\Inetpub\wwwroot\brett\images\Roundcover_small.jpg <-- webott /d:/html/users/webottcom/html/brett/images Roundcover_small.jpg
2003.04.19 11:47 B C:\Inetpub\wwwroot\brett\images\rta2.jpg <-- webott /d:/html/users/webottcom/html/brett/images rta2.jpg
2003.04.19 11:47 B C:\Inetpub\wwwroot\brett\images\sleeves3.jpg <-- webott /d:/html/users/webottcom/html/brett/images sleeves3.jpg
2003.04.19 11:47 B C:\Inetpub\wwwroot\brett\images\stalk1.jpg <-- webott /d:/html/users/webottcom/html/brett/images stalk1.jpg
2003.04.19 11:48 B C:\Inetpub\wwwroot\brett\images\stalk2.jpg <-- webott /d:/html/users/webottcom/html/brett/images stalk2.jpg
2003.04.19 11:48 B C:\Inetpub\wwwroot\brett\images\stalk3.jpg <-- webott /d:/html/users/webottcom/html/brett/images stalk3.jpg
2003.04.19 11:48 B C:\Inetpub\wwwroot\brett\images\stalk4.jpg <-- webott /d:/html/users/webottcom/html/brett/images stalk4.jpg
2003.04.19 11:48 B C:\Inetpub\wwwroot\brett\images\stalk5.jpg <-- webott /d:/html/users/webottcom/html/brett/images stalk5.jpg
2003.04.19 11:48 B C:\Inetpub\wwwroot\brett\images\stalk6.jpg <-- webott /d:/html/users/webottcom/html/brett/images stalk6.jpg
2003.04.19 11:48 B C:\Inetpub\wwwroot\brett\images\stalkcase.jpg <-- webott /d:/html/users/webottcom/html/brett/images stalkcase.jpg
2003.04.19 11:48 B C:\Inetpub\wwwroot\brett\images\stich1.jpg <-- webott /d:/html/users/webottcom/html/brett/images stich1.jpg
2003.04.19 11:48 B C:\Inetpub\wwwroot\brett\images\strut1.jpg <-- webott /d:/html/users/webottcom/html/brett/images strut1.jpg
2003.04.19 11:48 B C:\Inetpub\wwwroot\brett\images\strut2.jpg <-- webott /d:/html/users/webottcom/html/brett/images strut2.jpg
2003.04.19 11:48 B C:\Inetpub\wwwroot\brett\images\strut3.jpg <-- webott /d:/html/users/webottcom/html/brett/images strut3.jpg
2003.04.19 11:48 B C:\Inetpub\wwwroot\brett\images\strut4.jpg <-- webott /d:/html/users/webottcom/html/brett/images strut4.jpg
2003.04.19 11:48 B C:\Inetpub\wwwroot\brett\images\strut6.jpg <-- webott /d:/html/users/webottcom/html/brett/images strut6.jpg
2003.04.19 11:48 B C:\Inetpub\wwwroot\brett\images\sturt5.jpg <-- webott /d:/html/users/webottcom/html/brett/images sturt5.jpg
2003.04.19 11:48 B C:\Inetpub\wwwroot\brett\images\sub1.jpg <-- webott /d:/html/users/webottcom/html/brett/images sub1.jpg
2003.04.19 11:48 B C:\Inetpub\wwwroot\brett\images\sub10.jpg <-- webott /d:/html/users/webottcom/html/brett/images sub10.jpg
2003.04.19 11:48 B C:\Inetpub\wwwroot\brett\images\sub11.jpg <-- webott /d:/html/users/webottcom/html/brett/images sub11.jpg
2003.04.19 11:48 B C:\Inetpub\wwwroot\brett\images\sub12.jpg <-- webott /d:/html/users/webottcom/html/brett/images sub12.jpg
2003.04.19 11:48 B C:\Inetpub\wwwroot\brett\images\sub13.jpg <-- webott /d:/html/users/webottcom/html/brett/images sub13.jpg
2003.04.19 11:48 B C:\Inetpub\wwwroot\brett\images\sub14.jpg <-- webott /d:/html/users/webottcom/html/brett/images sub14.jpg
2003.04.19 11:48 B C:\Inetpub\wwwroot\brett\images\sub15.jpg <-- webott /d:/html/users/webottcom/html/brett/images sub15.jpg
2003.04.19 11:48 B C:\Inetpub\wwwroot\brett\images\sub16.jpg <-- webott /d:/html/users/webottcom/html/brett/images sub16.jpg
2003.04.19 11:48 B C:\Inetpub\wwwroot\brett\images\sub17.jpg <-- webott /d:/html/users/webottcom/html/brett/images sub17.jpg
2003.04.19 11:48 B C:\Inetpub\wwwroot\brett\images\sub18.jpg <-- webott /d:/html/users/webottcom/html/brett/images sub18.jpg
2003.04.19 11:48 B C:\Inetpub\wwwroot\brett\images\sub19.jpg <-- webott /d:/html/users/webottcom/html/brett/images sub19.jpg
2003.04.19 11:48 B C:\Inetpub\wwwroot\brett\images\sub2.jpg <-- webott /d:/html/users/webottcom/html/brett/images sub2.jpg
2003.04.19 11:48 B C:\Inetpub\wwwroot\brett\images\sub20.jpg <-- webott /d:/html/users/webottcom/html/brett/images sub20.jpg
2003.04.19 11:48 B C:\Inetpub\wwwroot\brett\images\sub21.jpg <-- webott /d:/html/users/webottcom/html/brett/images sub21.jpg
2003.04.19 11:48 B C:\Inetpub\wwwroot\brett\images\sub3.jpg <-- webott /d:/html/users/webottcom/html/brett/images sub3.jpg
2003.04.19 11:48 B C:\Inetpub\wwwroot\brett\images\sub4.jpg <-- webott /d:/html/users/webottcom/html/brett/images sub4.jpg
2003.04.19 11:48 B C:\Inetpub\wwwroot\brett\images\sub5.jpg <-- webott /d:/html/users/webottcom/html/brett/images sub5.jpg
2003.04.19 11:48 B C:\Inetpub\wwwroot\brett\images\sub6.jpg <-- webott /d:/html/users/webottcom/html/brett/images sub6.jpg
2003.04.19 11:48 B C:\Inetpub\wwwroot\brett\images\sub7.jpg <-- webott /d:/html/users/webottcom/html/brett/images sub7.jpg
2003.04.19 11:48 B C:\Inetpub\wwwroot\brett\images\sub8.jpg <-- webott /d:/html/users/webottcom/html/brett/images sub8.jpg
2003.04.19 11:48 B C:\Inetpub\wwwroot\brett\images\sub9.jpg <-- webott /d:/html/users/webottcom/html/brett/images sub9.jpg
2003.04.19 11:48 B C:\Inetpub\wwwroot\brett\images\sunset.gif <-- webott /d:/html/users/webottcom/html/brett/images sunset.gif
2003.04.19 11:48 B C:\Inetpub\wwwroot\brett\images\tap1.jpg <-- webott /d:/html/users/webottcom/html/brett/images tap1.jpg
2003.04.19 11:48 B C:\Inetpub\wwwroot\brett\images\tap3.jpg <-- webott /d:/html/users/webottcom/html/brett/images tap3.jpg
2003.04.19 11:48 B C:\Inetpub\wwwroot\brett\images\tap4.jpg <-- webott /d:/html/users/webottcom/html/brett/images tap4.jpg
2003.04.19 11:48 B C:\Inetpub\wwwroot\brett\images\Time1.jpg <-- webott /d:/html/users/webottcom/html/brett/images Time1.jpg
2003.04.19 11:48 B C:\Inetpub\wwwroot\brett\images\Time1_small.jpg <-- webott /d:/html/users/webottcom/html/brett/images Time1_small.jpg
2003.04.19 11:48 B C:\Inetpub\wwwroot\brett\images\Time1_small_small.jpg <-- webott /d:/html/users/webottcom/html/brett/images Time1_small_small.jpg
2003.04.19 11:48 B C:\Inetpub\wwwroot\brett\images\Time2.jpg <-- webott /d:/html/users/webottcom/html/brett/images Time2.jpg
2003.04.19 11:48 B C:\Inetpub\wwwroot\brett\images\Time2_small.jpg <-- webott /d:/html/users/webottcom/html/brett/images Time2_small.jpg
2003.04.19 11:48 B C:\Inetpub\wwwroot\brett\images\Time3.jpg <-- webott /d:/html/users/webottcom/html/brett/images Time3.jpg
2003.04.19 11:48 B C:\Inetpub\wwwroot\brett\images\Time3_small.jpg <-- webott /d:/html/users/webottcom/html/brett/images Time3_small.jpg
2003.04.19 11:48 B C:\Inetpub\wwwroot\brett\images\Time4.jpg <-- webott /d:/html/users/webottcom/html/brett/images Time4.jpg
2003.04.19 11:48 B C:\Inetpub\wwwroot\brett\images\Time4_small.jpg <-- webott /d:/html/users/webottcom/html/brett/images Time4_small.jpg
2003.04.19 11:48 B C:\Inetpub\wwwroot\brett\images\Timecover.jpg <-- webott /d:/html/users/webottcom/html/brett/images Timecover.jpg
2003.04.19 11:48 B C:\Inetpub\wwwroot\brett\images\Timecover_small.jpg <-- webott /d:/html/users/webottcom/html/brett/images Timecover_small.jpg
2003.04.19 11:48 B C:\Inetpub\wwwroot\brett\images\tk1.jpg <-- webott /d:/html/users/webottcom/html/brett/images tk1.jpg
2003.04.19 11:48 B C:\Inetpub\wwwroot\brett\images\tk1_small.jpg <-- webott /d:/html/users/webottcom/html/brett/images tk1_small.jpg
2003.04.19 11:48 B C:\Inetpub\wwwroot\brett\images\tk2.jpg <-- webott /d:/html/users/webottcom/html/brett/images tk2.jpg
2003.04.19 11:48 B C:\Inetpub\wwwroot\brett\images\trkdyn2.jpg <-- webott /d:/html/users/webottcom/html/brett/images trkdyn2.jpg
2003.04.19 11:49 B C:\Inetpub\wwwroot\brett\images\trkdyn4.jpg <-- webott /d:/html/users/webottcom/html/brett/images trkdyn4.jpg
2003.04.19 11:49 B C:\Inetpub\wwwroot\brett\images\trkdyn5.jpg <-- webott /d:/html/users/webottcom/html/brett/images trkdyn5.jpg
2003.04.19 11:49 B C:\Inetpub\wwwroot\brett\images\trunk1.jpg <-- webott /d:/html/users/webottcom/html/brett/images trunk1.jpg
2003.04.19 11:49 B C:\Inetpub\wwwroot\brett\images\trunk10.jpg <-- webott /d:/html/users/webottcom/html/brett/images trunk10.jpg
2003.04.19 11:49 B C:\Inetpub\wwwroot\brett\images\trunk2.jpg <-- webott /d:/html/users/webottcom/html/brett/images trunk2.jpg
2003.04.19 11:49 B C:\Inetpub\wwwroot\brett\images\trunk20.jpg <-- webott /d:/html/users/webottcom/html/brett/images trunk20.jpg
2003.04.19 11:49 B C:\Inetpub\wwwroot\brett\images\trunk3.jpg <-- webott /d:/html/users/webottcom/html/brett/images trunk3.jpg
2003.04.19 11:49 B C:\Inetpub\wwwroot\brett\images\trunk4.jpg <-- webott /d:/html/users/webottcom/html/brett/images trunk4.jpg
2003.04.19 11:49 B C:\Inetpub\wwwroot\brett\images\trunk5.jpg <-- webott /d:/html/users/webottcom/html/brett/images trunk5.jpg
2003.04.19 11:49 B C:\Inetpub\wwwroot\brett\images\trunk6.jpg <-- webott /d:/html/users/webottcom/html/brett/images trunk6.jpg
2003.04.19 11:49 B C:\Inetpub\wwwroot\brett\images\trunk7.jpg <-- webott /d:/html/users/webottcom/html/brett/images trunk7.jpg
2003.04.19 11:49 B C:\Inetpub\wwwroot\brett\images\trunk8.jpg <-- webott /d:/html/users/webottcom/html/brett/images trunk8.jpg
2003.04.19 11:49 B C:\Inetpub\wwwroot\brett\images\trunk9.jpg <-- webott /d:/html/users/webottcom/html/brett/images trunk9.jpg
2003.04.19 11:49 B C:\Inetpub\wwwroot\brett\images\trunk_small.jpg <-- webott /d:/html/users/webottcom/html/brett/images trunk_small.jpg
2003.04.19 11:49 B C:\Inetpub\wwwroot\brett\images\tweeter1.jpg <-- webott /d:/html/users/webottcom/html/brett/images tweeter1.jpg
2003.04.19 11:49 B C:\Inetpub\wwwroot\brett\images\tweeter3.jpg <-- webott /d:/html/users/webottcom/html/brett/images tweeter3.jpg
2003.04.19 11:49 B C:\Inetpub\wwwroot\brett\images\tweeter7.jpg <-- webott /d:/html/users/webottcom/html/brett/images tweeter7.jpg
2003.04.19 11:49 B C:\Inetpub\wwwroot\brett\images\tweter11.jpg <-- webott /d:/html/users/webottcom/html/brett/images tweter11.jpg
2003.04.19 11:49 B C:\Inetpub\wwwroot\brett\images\tweter12.jpg <-- webott /d:/html/users/webottcom/html/brett/images tweter12.jpg
2003.04.19 11:49 B C:\Inetpub\wwwroot\brett\images\tweter13.jpg <-- webott /d:/html/users/webottcom/html/brett/images tweter13.jpg
2003.04.19 11:49 B C:\Inetpub\wwwroot\brett\images\tweter14.jpg <-- webott /d:/html/users/webottcom/html/brett/images tweter14.jpg
2003.04.19 11:49 B C:\Inetpub\wwwroot\brett\images\underseat1.jpg <-- webott /d:/html/users/webottcom/html/brett/images underseat1.jpg
2003.04.19 11:49 B C:\Inetpub\wwwroot\brett\images\underseat2.jpg <-- webott /d:/html/users/webottcom/html/brett/images underseat2.jpg
2003.04.19 11:49 B C:\Inetpub\wwwroot\brett\images\underseat3.jpg <-- webott /d:/html/users/webottcom/html/brett/images underseat3.jpg
2003.04.19 11:49 B C:\Inetpub\wwwroot\brett\images\underseat4.jpg <-- webott /d:/html/users/webottcom/html/brett/images underseat4.jpg
2003.04.19 11:49 B C:\Inetpub\wwwroot\brett\images\Vibecover.jpg <-- webott /d:/html/users/webottcom/html/brett/images Vibecover.jpg
2003.04.19 11:49 B C:\Inetpub\wwwroot\brett\images\Vibecover_small.jpg <-- webott /d:/html/users/webottcom/html/brett/images Vibecover_small.jpg
2003.04.19 11:49 B C:\Inetpub\wwwroot\brett\images\weld1.jpg <-- webott /d:/html/users/webottcom/html/brett/images weld1.jpg
2003.04.19 11:49 B C:\Inetpub\wwwroot\brett\images\weld2.jpg <-- webott /d:/html/users/webottcom/html/brett/images weld2.jpg
2003.04.19 11:49 B C:\Inetpub\wwwroot\brett\images\well1.jpg <-- webott /d:/html/users/webottcom/html/brett/images well1.jpg
2003.04.19 11:49 B C:\Inetpub\wwwroot\brett\images\well2.jpg <-- webott /d:/html/users/webottcom/html/brett/images well2.jpg
2003.04.19 11:49 B C:\Inetpub\wwwroot\brett\images\Wiring.jpg <-- webott /d:/html/users/webottcom/html/brett/images Wiring.jpg
2003.04.19 11:49 B C:\Inetpub\wwwroot\brett\images\wood1.jpg <-- webott /d:/html/users/webottcom/html/brett/images wood1.jpg
2003.04.19 11:49 B C:\Inetpub\wwwroot\brett\images\wood3.jpg <-- webott /d:/html/users/webottcom/html/brett/images wood3.jpg
2003.04.19 11:49 B C:\Inetpub\wwwroot\brett\images\wood6.jpg <-- webott /d:/html/users/webottcom/html/brett/images wood6.jpg
